DEBUG - 2025-11-26 04:55:29 --> Session: Class initialized using 'CodeIgniter\Session\Handlers\FileHandler' driver.
DEBUG - 2025-11-26 10:25:34 --> Session: Class initialized using 'CodeIgniter\Session\Handlers\FileHandler' driver.
DEBUG - 2025-11-26 10:25:54 --> Session: Class initialized using 'CodeIgniter\Session\Handlers\FileHandler' driver.
ERROR - 2025-11-26 10:26:02 --> mysqli_sql_exception: MySQL server has gone away in C:\xampp\htdocs\finapp\system\Database\MySQLi\Connection.php:327
Stack trace:
#0 C:\xampp\htdocs\finapp\system\Database\MySQLi\Connection.php(327): mysqli->query('SELECT *\nFROM `...', 0)
#1 C:\xampp\htdocs\finapp\system\Database\BaseConnection.php(729): CodeIgniter\Database\MySQLi\Connection->execute('SELECT *\nFROM `...')
#2 C:\xampp\htdocs\finapp\system\Database\BaseConnection.php(646): CodeIgniter\Database\BaseConnection->simpleQuery('SELECT *\nFROM `...')
#3 C:\xampp\htdocs\finapp\system\Database\BaseBuilder.php(1649): CodeIgniter\Database\BaseConnection->query('SELECT *\nFROM `...', Array, false)
#4 C:\xampp\htdocs\finapp\system\Model.php(330): CodeIgniter\Database\BaseBuilder->get()
#5 C:\xampp\htdocs\finapp\system\BaseModel.php(715): CodeIgniter\Model->doFirst()
#6 C:\xampp\htdocs\finapp\app\Controllers\AuthController.php(41): CodeIgniter\BaseModel->first()
#7 C:\xampp\htdocs\finapp\system\CodeIgniter.php(933): App\Controllers\AuthController->authenticate()
#8 C:\xampp\htdocs\finapp\system\CodeIgniter.php(507): CodeIgniter\CodeIgniter->runController(Object(App\Controllers\AuthController))
#9 C:\xampp\htdocs\finapp\system\CodeIgniter.php(354): CodeIgniter\CodeIgniter->handleRequest(NULL, Object(Config\Cache), false)
#10 C:\xampp\htdocs\finapp\system\Boot.php(363): CodeIgniter\CodeIgniter->run()
#11 C:\xampp\htdocs\finapp\system\Boot.php(68): CodeIgniter\Boot::runCodeIgniter(Object(CodeIgniter\CodeIgniter))
#12 C:\xampp\htdocs\finapp\index.php(59): CodeIgniter\Boot::bootWeb(Object(Config\Paths))
#13 {main}
CRITICAL - 2025-11-26 10:26:02 --> CodeIgniter\Database\Exceptions\DatabaseException: MySQL server has gone away
[Method: POST, Route: login/authenticate]
in SYSTEMPATH\Database\BaseConnection.php on line 684.
 1 SYSTEMPATH\Database\BaseBuilder.php(1649): CodeIgniter\Database\BaseConnection->query('SELECT *
FROM `users`
WHERE `email` = :email:
 LIMIT 1', [...], false)
 2 SYSTEMPATH\Model.php(330): CodeIgniter\Database\BaseBuilder->get()
 3 SYSTEMPATH\BaseModel.php(715): CodeIgniter\Model->doFirst()
 4 APPPATH\Controllers\AuthController.php(41): CodeIgniter\BaseModel->first()
 5 SYSTEMPATH\CodeIgniter.php(933): App\Controllers\AuthController->authenticate()
 6 SYSTEMPATH\CodeIgniter.php(507): CodeIgniter\CodeIgniter->runController(Object(App\Controllers\AuthController))
 7 SYSTEMPATH\CodeIgniter.php(354): CodeIgniter\CodeIgniter->handleRequest(null, Object(Config\Cache), false)
 8 SYSTEMPATH\Boot.php(363): CodeIgniter\CodeIgniter->run()
 9 SYSTEMPATH\Boot.php(68): CodeIgniter\Boot::runCodeIgniter(Object(CodeIgniter\CodeIgniter))
10 FCPATH\index.php(59): CodeIgniter\Boot::bootWeb(Object(Config\Paths))
CRITICAL - 2025-11-26 10:26:02 --> [Caused by] CodeIgniter\Database\Exceptions\DatabaseException: MySQL server has gone away
in SYSTEMPATH\Database\MySQLi\Connection.php on line 332.
 1 SYSTEMPATH\Database\BaseConnection.php(729): CodeIgniter\Database\MySQLi\Connection->execute('SELECT *
FROM `users`
WHERE `email` = \'admin@example.com\'
 LIMIT 1')
 2 SYSTEMPATH\Database\BaseConnection.php(646): CodeIgniter\Database\BaseConnection->simpleQuery('SELECT *
FROM `users`
WHERE `email` = \'admin@example.com\'
 LIMIT 1')
 3 SYSTEMPATH\Database\BaseBuilder.php(1649): CodeIgniter\Database\BaseConnection->query('SELECT *
FROM `users`
WHERE `email` = :email:
 LIMIT 1', [...], false)
 4 SYSTEMPATH\Model.php(330): CodeIgniter\Database\BaseBuilder->get()
 5 SYSTEMPATH\BaseModel.php(715): CodeIgniter\Model->doFirst()
 6 APPPATH\Controllers\AuthController.php(41): CodeIgniter\BaseModel->first()
 7 SYSTEMPATH\CodeIgniter.php(933): App\Controllers\AuthController->authenticate()
 8 SYSTEMPATH\CodeIgniter.php(507): CodeIgniter\CodeIgniter->runController(Object(App\Controllers\AuthController))
 9 SYSTEMPATH\CodeIgniter.php(354): CodeIgniter\CodeIgniter->handleRequest(null, Object(Config\Cache), false)
10 SYSTEMPATH\Boot.php(363): CodeIgniter\CodeIgniter->run()
11 SYSTEMPATH\Boot.php(68): CodeIgniter\Boot::runCodeIgniter(Object(CodeIgniter\CodeIgniter))
12 FCPATH\index.php(59): CodeIgniter\Boot::bootWeb(Object(Config\Paths))
CRITICAL - 2025-11-26 10:26:02 --> [Caused by] mysqli_sql_exception: MySQL server has gone away
in SYSTEMPATH\Database\MySQLi\Connection.php on line 327.
 1 SYSTEMPATH\Database\MySQLi\Connection.php(327): mysqli->query('SELECT *
FROM `users`
WHERE `email` = \'admin@example.com\'
 LIMIT 1', 0)
 2 SYSTEMPATH\Database\BaseConnection.php(729): CodeIgniter\Database\MySQLi\Connection->execute('SELECT *
FROM `users`
WHERE `email` = \'admin@example.com\'
 LIMIT 1')
 3 SYSTEMPATH\Database\BaseConnection.php(646): CodeIgniter\Database\BaseConnection->simpleQuery('SELECT *
FROM `users`
WHERE `email` = \'admin@example.com\'
 LIMIT 1')
 4 SYSTEMPATH\Database\BaseBuilder.php(1649): CodeIgniter\Database\BaseConnection->query('SELECT *
FROM `users`
WHERE `email` = :email:
 LIMIT 1', [...], false)
 5 SYSTEMPATH\Model.php(330): CodeIgniter\Database\BaseBuilder->get()
 6 SYSTEMPATH\BaseModel.php(715): CodeIgniter\Model->doFirst()
 7 APPPATH\Controllers\AuthController.php(41): CodeIgniter\BaseModel->first()
 8 SYSTEMPATH\CodeIgniter.php(933): App\Controllers\AuthController->authenticate()
 9 SYSTEMPATH\CodeIgniter.php(507): CodeIgniter\CodeIgniter->runController(Object(App\Controllers\AuthController))
10 SYSTEMPATH\CodeIgniter.php(354): CodeIgniter\CodeIgniter->handleRequest(null, Object(Config\Cache), false)
11 SYSTEMPATH\Boot.php(363): CodeIgniter\CodeIgniter->run()
12 SYSTEMPATH\Boot.php(68): CodeIgniter\Boot::runCodeIgniter(Object(CodeIgniter\CodeIgniter))
13 FCPATH\index.php(59): CodeIgniter\Boot::bootWeb(Object(Config\Paths))
DEBUG - 2025-11-26 10:26:25 --> Session: Class initialized using 'CodeIgniter\Session\Handlers\FileHandler' driver.
DEBUG - 2025-11-26 10:26:33 --> Session: Class initialized using 'CodeIgniter\Session\Handlers\FileHandler' driver.
DEBUG - 2025-11-26 04:56:33 --> Session: Class initialized using 'CodeIgniter\Session\Handlers\FileHandler' driver.
WARNING - 2025-11-26 10:26:34 --> [DEPRECATED] Creation of dynamic property CodeIgniter\View\View::$common is deprecated in APPPATH\Views\index.php on line 21.
 1 SYSTEMPATH\View\View.php(226): include('C:\\xampp\\htdocs\\finapp\\app\\Views\\index.php')
 2 SYSTEMPATH\View\View.php(229): CodeIgniter\View\View->CodeIgniter\View\{closure}()
 3 SYSTEMPATH\Common.php(1167): CodeIgniter\View\View->render('index', [], true)
 4 APPPATH\Controllers\Home.php(96): view('index', [...])
 5 SYSTEMPATH\CodeIgniter.php(933): App\Controllers\Home->index()
 6 SYSTEMPATH\CodeIgniter.php(507): CodeIgniter\CodeIgniter->runController(Object(App\Controllers\Home))
 7 SYSTEMPATH\CodeIgniter.php(354): CodeIgniter\CodeIgniter->handleRequest(null, Object(Config\Cache), false)
 8 SYSTEMPATH\Boot.php(363): CodeIgniter\CodeIgniter->run()
 9 SYSTEMPATH\Boot.php(68): CodeIgniter\Boot::runCodeIgniter(Object(CodeIgniter\CodeIgniter))
10 FCPATH\index.php(59): CodeIgniter\Boot::bootWeb(Object(Config\Paths))
DEBUG - 2025-11-26 04:56:43 --> Session: Class initialized using 'CodeIgniter\Session\Handlers\FileHandler' driver.
WARNING - 2025-11-26 10:26:44 --> [DEPRECATED] Creation of dynamic property CodeIgniter\View\View::$common is deprecated in APPPATH\Views\sidebar.php on line 6.
 1 SYSTEMPATH\View\View.php(226): include('C:\\xampp\\htdocs\\finapp\\app\\Views\\sidebar.php')
 2 SYSTEMPATH\View\View.php(229): CodeIgniter\View\View->CodeIgniter\View\{closure}()
 3 SYSTEMPATH\Common.php(1167): CodeIgniter\View\View->render('sidebar', [], true)
 4 APPPATH\Views\transaction\transaction-list.php(644): view('sidebar')
 5 SYSTEMPATH\View\View.php(226): include('C:\\xampp\\htdocs\\finapp\\app\\Views\\transaction\\transaction-list.php')
 6 SYSTEMPATH\View\View.php(229): CodeIgniter\View\View->CodeIgniter\View\{closure}()
 7 SYSTEMPATH\Common.php(1167): CodeIgniter\View\View->render('transaction/transaction-list', [], true)
 8 APPPATH\Controllers\TransactionController.php(55): view('transaction/transaction-list', [...])
 9 SYSTEMPATH\CodeIgniter.php(933): App\Controllers\TransactionController->transaction_list()
10 SYSTEMPATH\CodeIgniter.php(507): CodeIgniter\CodeIgniter->runController(Object(App\Controllers\TransactionController))
11 SYSTEMPATH\CodeIgniter.php(354): CodeIgniter\CodeIgniter->handleRequest(null, Object(Config\Cache), false)
12 SYSTEMPATH\Boot.php(363): CodeIgniter\CodeIgniter->run()
13 SYSTEMPATH\Boot.php(68): CodeIgniter\Boot::runCodeIgniter(Object(CodeIgniter\CodeIgniter))
14 FCPATH\index.php(59): CodeIgniter\Boot::bootWeb(Object(Config\Paths))
DEBUG - 2025-11-26 04:56:45 --> Session: Class initialized using 'CodeIgniter\Session\Handlers\FileHandler' driver.
DEBUG - 2025-11-26 04:56:48 --> Session: Class initialized using 'CodeIgniter\Session\Handlers\FileHandler' driver.
DEBUG - 2025-11-26 04:57:52 --> Session: Class initialized using 'CodeIgniter\Session\Handlers\FileHandler' driver.
WARNING - 2025-11-26 10:27:53 --> [DEPRECATED] Creation of dynamic property CodeIgniter\View\View::$common is deprecated in APPPATH\Views\sidebar.php on line 6.
 1 SYSTEMPATH\View\View.php(226): include('C:\\xampp\\htdocs\\finapp\\app\\Views\\sidebar.php')
 2 SYSTEMPATH\View\View.php(229): CodeIgniter\View\View->CodeIgniter\View\{closure}()
 3 SYSTEMPATH\Common.php(1167): CodeIgniter\View\View->render('sidebar', [], true)
 4 APPPATH\Views\transaction\transaction-list.php(644): view('sidebar')
 5 SYSTEMPATH\View\View.php(226): include('C:\\xampp\\htdocs\\finapp\\app\\Views\\transaction\\transaction-list.php')
 6 SYSTEMPATH\View\View.php(229): CodeIgniter\View\View->CodeIgniter\View\{closure}()
 7 SYSTEMPATH\Common.php(1167): CodeIgniter\View\View->render('transaction/transaction-list', [], true)
 8 APPPATH\Controllers\TransactionController.php(55): view('transaction/transaction-list', [...])
 9 SYSTEMPATH\CodeIgniter.php(933): App\Controllers\TransactionController->transaction_list()
10 SYSTEMPATH\CodeIgniter.php(507): CodeIgniter\CodeIgniter->runController(Object(App\Controllers\TransactionController))
11 SYSTEMPATH\CodeIgniter.php(354): CodeIgniter\CodeIgniter->handleRequest(null, Object(Config\Cache), false)
12 SYSTEMPATH\Boot.php(363): CodeIgniter\CodeIgniter->run()
13 SYSTEMPATH\Boot.php(68): CodeIgniter\Boot::runCodeIgniter(Object(CodeIgniter\CodeIgniter))
14 FCPATH\index.php(59): CodeIgniter\Boot::bootWeb(Object(Config\Paths))
DEBUG - 2025-11-26 04:57:53 --> Session: Class initialized using 'CodeIgniter\Session\Handlers\FileHandler' driver.
DEBUG - 2025-11-26 04:57:56 --> Session: Class initialized using 'CodeIgniter\Session\Handlers\FileHandler' driver.
WARNING - 2025-11-26 10:27:56 --> [DEPRECATED] Creation of dynamic property CodeIgniter\View\View::$common is deprecated in APPPATH\Views\sidebar.php on line 6.
 1 SYSTEMPATH\View\View.php(226): include('C:\\xampp\\htdocs\\finapp\\app\\Views\\sidebar.php')
 2 SYSTEMPATH\View\View.php(229): CodeIgniter\View\View->CodeIgniter\View\{closure}()
 3 SYSTEMPATH\Common.php(1167): CodeIgniter\View\View->render('sidebar', [], true)
 4 APPPATH\Views\transaction\transaction-list.php(644): view('sidebar')
 5 SYSTEMPATH\View\View.php(226): include('C:\\xampp\\htdocs\\finapp\\app\\Views\\transaction\\transaction-list.php')
 6 SYSTEMPATH\View\View.php(229): CodeIgniter\View\View->CodeIgniter\View\{closure}()
 7 SYSTEMPATH\Common.php(1167): CodeIgniter\View\View->render('transaction/transaction-list', [], true)
 8 APPPATH\Controllers\TransactionController.php(55): view('transaction/transaction-list', [...])
 9 SYSTEMPATH\CodeIgniter.php(933): App\Controllers\TransactionController->transaction_list()
10 SYSTEMPATH\CodeIgniter.php(507): CodeIgniter\CodeIgniter->runController(Object(App\Controllers\TransactionController))
11 SYSTEMPATH\CodeIgniter.php(354): CodeIgniter\CodeIgniter->handleRequest(null, Object(Config\Cache), false)
12 SYSTEMPATH\Boot.php(363): CodeIgniter\CodeIgniter->run()
13 SYSTEMPATH\Boot.php(68): CodeIgniter\Boot::runCodeIgniter(Object(CodeIgniter\CodeIgniter))
14 FCPATH\index.php(59): CodeIgniter\Boot::bootWeb(Object(Config\Paths))
DEBUG - 2025-11-26 04:57:56 --> Session: Class initialized using 'CodeIgniter\Session\Handlers\FileHandler' driver.
DEBUG - 2025-11-26 05:00:36 --> Session: Class initialized using 'CodeIgniter\Session\Handlers\FileHandler' driver.
WARNING - 2025-11-26 10:30:36 --> [DEPRECATED] Creation of dynamic property CodeIgniter\View\View::$common is deprecated in APPPATH\Views\sidebar.php on line 6.
 1 SYSTEMPATH\View\View.php(226): include('C:\\xampp\\htdocs\\finapp\\app\\Views\\sidebar.php')
 2 SYSTEMPATH\View\View.php(229): CodeIgniter\View\View->CodeIgniter\View\{closure}()
 3 SYSTEMPATH\Common.php(1167): CodeIgniter\View\View->render('sidebar', [], true)
 4 APPPATH\Views\transaction\transaction-list.php(644): view('sidebar')
 5 SYSTEMPATH\View\View.php(226): include('C:\\xampp\\htdocs\\finapp\\app\\Views\\transaction\\transaction-list.php')
 6 SYSTEMPATH\View\View.php(229): CodeIgniter\View\View->CodeIgniter\View\{closure}()
 7 SYSTEMPATH\Common.php(1167): CodeIgniter\View\View->render('transaction/transaction-list', [], true)
 8 APPPATH\Controllers\TransactionController.php(55): view('transaction/transaction-list', [...])
 9 SYSTEMPATH\CodeIgniter.php(933): App\Controllers\TransactionController->transaction_list()
10 SYSTEMPATH\CodeIgniter.php(507): CodeIgniter\CodeIgniter->runController(Object(App\Controllers\TransactionController))
11 SYSTEMPATH\CodeIgniter.php(354): CodeIgniter\CodeIgniter->handleRequest(null, Object(Config\Cache), false)
12 SYSTEMPATH\Boot.php(363): CodeIgniter\CodeIgniter->run()
13 SYSTEMPATH\Boot.php(68): CodeIgniter\Boot::runCodeIgniter(Object(CodeIgniter\CodeIgniter))
14 FCPATH\index.php(59): CodeIgniter\Boot::bootWeb(Object(Config\Paths))
DEBUG - 2025-11-26 05:00:37 --> Session: Class initialized using 'CodeIgniter\Session\Handlers\FileHandler' driver.
DEBUG - 2025-11-26 05:00:39 --> Session: Class initialized using 'CodeIgniter\Session\Handlers\FileHandler' driver.
CRITICAL - 2025-11-26 10:30:39 --> TypeError: nl2br(): Argument #1 ($string) must be of type string, array given
[Method: GET, Route: admin/invoice/preview/1]
in APPPATH\Views\transaction\invoice.php on line 453.
 1 APPPATH\Views\transaction\invoice.php(453): nl2br([...])
 2 SYSTEMPATH\View\View.php(226): include('C:\\xampp\\htdocs\\finapp\\app\\Views\\transaction\\invoice.php')
 3 SYSTEMPATH\View\View.php(229): CodeIgniter\View\View->CodeIgniter\View\{closure}()
 4 SYSTEMPATH\Common.php(1167): CodeIgniter\View\View->render('transaction/invoice', [], true)
 5 APPPATH\Controllers\InvoiceController.php(88): view('transaction/invoice', [...])
 6 SYSTEMPATH\CodeIgniter.php(933): App\Controllers\InvoiceController->preview('1')
 7 SYSTEMPATH\CodeIgniter.php(507): CodeIgniter\CodeIgniter->runController(Object(App\Controllers\InvoiceController))
 8 SYSTEMPATH\CodeIgniter.php(354): CodeIgniter\CodeIgniter->handleRequest(null, Object(Config\Cache), false)
 9 SYSTEMPATH\Boot.php(363): CodeIgniter\CodeIgniter->run()
10 SYSTEMPATH\Boot.php(68): CodeIgniter\Boot::runCodeIgniter(Object(CodeIgniter\CodeIgniter))
11 FCPATH\index.php(59): CodeIgniter\Boot::bootWeb(Object(Config\Paths))
DEBUG - 2025-11-26 05:02:02 --> Session: Class initialized using 'CodeIgniter\Session\Handlers\FileHandler' driver.
CRITICAL - 2025-11-26 10:32:02 --> TypeError: nl2br(): Argument #1 ($string) must be of type string, array given
[Method: GET, Route: admin/invoice/preview/1]
in APPPATH\Views\transaction\invoice.php on line 453.
 1 APPPATH\Views\transaction\invoice.php(453): nl2br([...])
 2 SYSTEMPATH\View\View.php(226): include('C:\\xampp\\htdocs\\finapp\\app\\Views\\transaction\\invoice.php')
 3 SYSTEMPATH\View\View.php(229): CodeIgniter\View\View->CodeIgniter\View\{closure}()
 4 SYSTEMPATH\Common.php(1167): CodeIgniter\View\View->render('transaction/invoice', [], true)
 5 APPPATH\Controllers\InvoiceController.php(88): view('transaction/invoice', [...])
 6 SYSTEMPATH\CodeIgniter.php(933): App\Controllers\InvoiceController->preview('1')
 7 SYSTEMPATH\CodeIgniter.php(507): CodeIgniter\CodeIgniter->runController(Object(App\Controllers\InvoiceController))
 8 SYSTEMPATH\CodeIgniter.php(354): CodeIgniter\CodeIgniter->handleRequest(null, Object(Config\Cache), false)
 9 SYSTEMPATH\Boot.php(363): CodeIgniter\CodeIgniter->run()
10 SYSTEMPATH\Boot.php(68): CodeIgniter\Boot::runCodeIgniter(Object(CodeIgniter\CodeIgniter))
11 FCPATH\index.php(59): CodeIgniter\Boot::bootWeb(Object(Config\Paths))
DEBUG - 2025-11-26 05:02:04 --> Session: Class initialized using 'CodeIgniter\Session\Handlers\FileHandler' driver.
CRITICAL - 2025-11-26 10:32:04 --> TypeError: nl2br(): Argument #1 ($string) must be of type string, array given
[Method: GET, Route: admin/invoice/preview/1]
in APPPATH\Views\transaction\invoice.php on line 453.
 1 APPPATH\Views\transaction\invoice.php(453): nl2br([...])
 2 SYSTEMPATH\View\View.php(226): include('C:\\xampp\\htdocs\\finapp\\app\\Views\\transaction\\invoice.php')
 3 SYSTEMPATH\View\View.php(229): CodeIgniter\View\View->CodeIgniter\View\{closure}()
 4 SYSTEMPATH\Common.php(1167): CodeIgniter\View\View->render('transaction/invoice', [], true)
 5 APPPATH\Controllers\InvoiceController.php(88): view('transaction/invoice', [...])
 6 SYSTEMPATH\CodeIgniter.php(933): App\Controllers\InvoiceController->preview('1')
 7 SYSTEMPATH\CodeIgniter.php(507): CodeIgniter\CodeIgniter->runController(Object(App\Controllers\InvoiceController))
 8 SYSTEMPATH\CodeIgniter.php(354): CodeIgniter\CodeIgniter->handleRequest(null, Object(Config\Cache), false)
 9 SYSTEMPATH\Boot.php(363): CodeIgniter\CodeIgniter->run()
10 SYSTEMPATH\Boot.php(68): CodeIgniter\Boot::runCodeIgniter(Object(CodeIgniter\CodeIgniter))
11 FCPATH\index.php(59): CodeIgniter\Boot::bootWeb(Object(Config\Paths))
DEBUG - 2025-11-26 05:02:53 --> Session: Class initialized using 'CodeIgniter\Session\Handlers\FileHandler' driver.
CRITICAL - 2025-11-26 10:32:53 --> TypeError: nl2br(): Argument #1 ($string) must be of type string, array given
[Method: GET, Route: admin/invoice/preview/1]
in APPPATH\Views\transaction\invoice.php on line 453.
 1 APPPATH\Views\transaction\invoice.php(453): nl2br([...])
 2 SYSTEMPATH\View\View.php(226): include('C:\\xampp\\htdocs\\finapp\\app\\Views\\transaction\\invoice.php')
 3 SYSTEMPATH\View\View.php(229): CodeIgniter\View\View->CodeIgniter\View\{closure}()
 4 SYSTEMPATH\Common.php(1167): CodeIgniter\View\View->render('transaction/invoice', [], true)
 5 APPPATH\Controllers\InvoiceController.php(88): view('transaction/invoice', [...])
 6 SYSTEMPATH\CodeIgniter.php(933): App\Controllers\InvoiceController->preview('1')
 7 SYSTEMPATH\CodeIgniter.php(507): CodeIgniter\CodeIgniter->runController(Object(App\Controllers\InvoiceController))
 8 SYSTEMPATH\CodeIgniter.php(354): CodeIgniter\CodeIgniter->handleRequest(null, Object(Config\Cache), false)
 9 SYSTEMPATH\Boot.php(363): CodeIgniter\CodeIgniter->run()
10 SYSTEMPATH\Boot.php(68): CodeIgniter\Boot::runCodeIgniter(Object(CodeIgniter\CodeIgniter))
11 FCPATH\index.php(59): CodeIgniter\Boot::bootWeb(Object(Config\Paths))
DEBUG - 2025-11-26 05:02:54 --> Session: Class initialized using 'CodeIgniter\Session\Handlers\FileHandler' driver.
WARNING - 2025-11-26 10:32:54 --> [DEPRECATED] Creation of dynamic property CodeIgniter\View\View::$common is deprecated in APPPATH\Views\sidebar.php on line 6.
 1 SYSTEMPATH\View\View.php(226): include('C:\\xampp\\htdocs\\finapp\\app\\Views\\sidebar.php')
 2 SYSTEMPATH\View\View.php(229): CodeIgniter\View\View->CodeIgniter\View\{closure}()
 3 SYSTEMPATH\Common.php(1167): CodeIgniter\View\View->render('sidebar', [], true)
 4 APPPATH\Views\transaction\transaction-list.php(644): view('sidebar')
 5 SYSTEMPATH\View\View.php(226): include('C:\\xampp\\htdocs\\finapp\\app\\Views\\transaction\\transaction-list.php')
 6 SYSTEMPATH\View\View.php(229): CodeIgniter\View\View->CodeIgniter\View\{closure}()
 7 SYSTEMPATH\Common.php(1167): CodeIgniter\View\View->render('transaction/transaction-list', [], true)
 8 APPPATH\Controllers\TransactionController.php(55): view('transaction/transaction-list', [...])
 9 SYSTEMPATH\CodeIgniter.php(933): App\Controllers\TransactionController->transaction_list()
10 SYSTEMPATH\CodeIgniter.php(507): CodeIgniter\CodeIgniter->runController(Object(App\Controllers\TransactionController))
11 SYSTEMPATH\CodeIgniter.php(354): CodeIgniter\CodeIgniter->handleRequest(null, Object(Config\Cache), false)
12 SYSTEMPATH\Boot.php(363): CodeIgniter\CodeIgniter->run()
13 SYSTEMPATH\Boot.php(68): CodeIgniter\Boot::runCodeIgniter(Object(CodeIgniter\CodeIgniter))
14 FCPATH\index.php(59): CodeIgniter\Boot::bootWeb(Object(Config\Paths))
DEBUG - 2025-11-26 05:02:55 --> Session: Class initialized using 'CodeIgniter\Session\Handlers\FileHandler' driver.
DEBUG - 2025-11-26 05:02:57 --> Session: Class initialized using 'CodeIgniter\Session\Handlers\FileHandler' driver.
CRITICAL - 2025-11-26 10:32:57 --> TypeError: nl2br(): Argument #1 ($string) must be of type string, array given
[Method: GET, Route: admin/invoice/preview/1]
in APPPATH\Views\transaction\invoice.php on line 453.
 1 APPPATH\Views\transaction\invoice.php(453): nl2br([...])
 2 SYSTEMPATH\View\View.php(226): include('C:\\xampp\\htdocs\\finapp\\app\\Views\\transaction\\invoice.php')
 3 SYSTEMPATH\View\View.php(229): CodeIgniter\View\View->CodeIgniter\View\{closure}()
 4 SYSTEMPATH\Common.php(1167): CodeIgniter\View\View->render('transaction/invoice', [], true)
 5 APPPATH\Controllers\InvoiceController.php(88): view('transaction/invoice', [...])
 6 SYSTEMPATH\CodeIgniter.php(933): App\Controllers\InvoiceController->preview('1')
 7 SYSTEMPATH\CodeIgniter.php(507): CodeIgniter\CodeIgniter->runController(Object(App\Controllers\InvoiceController))
 8 SYSTEMPATH\CodeIgniter.php(354): CodeIgniter\CodeIgniter->handleRequest(null, Object(Config\Cache), false)
 9 SYSTEMPATH\Boot.php(363): CodeIgniter\CodeIgniter->run()
10 SYSTEMPATH\Boot.php(68): CodeIgniter\Boot::runCodeIgniter(Object(CodeIgniter\CodeIgniter))
11 FCPATH\index.php(59): CodeIgniter\Boot::bootWeb(Object(Config\Paths))
DEBUG - 2025-11-26 05:02:59 --> Session: Class initialized using 'CodeIgniter\Session\Handlers\FileHandler' driver.
WARNING - 2025-11-26 10:32:59 --> [DEPRECATED] Creation of dynamic property CodeIgniter\View\View::$common is deprecated in APPPATH\Views\sidebar.php on line 6.
 1 SYSTEMPATH\View\View.php(226): include('C:\\xampp\\htdocs\\finapp\\app\\Views\\sidebar.php')
 2 SYSTEMPATH\View\View.php(229): CodeIgniter\View\View->CodeIgniter\View\{closure}()
 3 SYSTEMPATH\Common.php(1167): CodeIgniter\View\View->render('sidebar', [], true)
 4 APPPATH\Views\transaction\transaction-list.php(644): view('sidebar')
 5 SYSTEMPATH\View\View.php(226): include('C:\\xampp\\htdocs\\finapp\\app\\Views\\transaction\\transaction-list.php')
 6 SYSTEMPATH\View\View.php(229): CodeIgniter\View\View->CodeIgniter\View\{closure}()
 7 SYSTEMPATH\Common.php(1167): CodeIgniter\View\View->render('transaction/transaction-list', [], true)
 8 APPPATH\Controllers\TransactionController.php(55): view('transaction/transaction-list', [...])
 9 SYSTEMPATH\CodeIgniter.php(933): App\Controllers\TransactionController->transaction_list()
10 SYSTEMPATH\CodeIgniter.php(507): CodeIgniter\CodeIgniter->runController(Object(App\Controllers\TransactionController))
11 SYSTEMPATH\CodeIgniter.php(354): CodeIgniter\CodeIgniter->handleRequest(null, Object(Config\Cache), false)
12 SYSTEMPATH\Boot.php(363): CodeIgniter\CodeIgniter->run()
13 SYSTEMPATH\Boot.php(68): CodeIgniter\Boot::runCodeIgniter(Object(CodeIgniter\CodeIgniter))
14 FCPATH\index.php(59): CodeIgniter\Boot::bootWeb(Object(Config\Paths))
DEBUG - 2025-11-26 05:03:00 --> Session: Class initialized using 'CodeIgniter\Session\Handlers\FileHandler' driver.
DEBUG - 2025-11-26 05:03:12 --> Session: Class initialized using 'CodeIgniter\Session\Handlers\FileHandler' driver.
WARNING - 2025-11-26 10:33:12 --> [DEPRECATED] Creation of dynamic property CodeIgniter\View\View::$common is deprecated in APPPATH\Views\sidebar.php on line 6.
 1 SYSTEMPATH\View\View.php(226): include('C:\\xampp\\htdocs\\finapp\\app\\Views\\sidebar.php')
 2 SYSTEMPATH\View\View.php(229): CodeIgniter\View\View->CodeIgniter\View\{closure}()
 3 SYSTEMPATH\Common.php(1167): CodeIgniter\View\View->render('sidebar', [], true)
 4 APPPATH\Views\transaction\transaction-list.php(644): view('sidebar')
 5 SYSTEMPATH\View\View.php(226): include('C:\\xampp\\htdocs\\finapp\\app\\Views\\transaction\\transaction-list.php')
 6 SYSTEMPATH\View\View.php(229): CodeIgniter\View\View->CodeIgniter\View\{closure}()
 7 SYSTEMPATH\Common.php(1167): CodeIgniter\View\View->render('transaction/transaction-list', [], true)
 8 APPPATH\Controllers\TransactionController.php(55): view('transaction/transaction-list', [...])
 9 SYSTEMPATH\CodeIgniter.php(933): App\Controllers\TransactionController->transaction_list()
10 SYSTEMPATH\CodeIgniter.php(507): CodeIgniter\CodeIgniter->runController(Object(App\Controllers\TransactionController))
11 SYSTEMPATH\CodeIgniter.php(354): CodeIgniter\CodeIgniter->handleRequest(null, Object(Config\Cache), false)
12 SYSTEMPATH\Boot.php(363): CodeIgniter\CodeIgniter->run()
13 SYSTEMPATH\Boot.php(68): CodeIgniter\Boot::runCodeIgniter(Object(CodeIgniter\CodeIgniter))
14 FCPATH\index.php(59): CodeIgniter\Boot::bootWeb(Object(Config\Paths))
DEBUG - 2025-11-26 05:03:12 --> Session: Class initialized using 'CodeIgniter\Session\Handlers\FileHandler' driver.
DEBUG - 2025-11-26 05:03:15 --> Session: Class initialized using 'CodeIgniter\Session\Handlers\FileHandler' driver.
DEBUG - 2025-11-26 05:03:28 --> Session: Class initialized using 'CodeIgniter\Session\Handlers\FileHandler' driver.
DEBUG - 2025-11-26 05:03:30 --> Session: Class initialized using 'CodeIgniter\Session\Handlers\FileHandler' driver.
WARNING - 2025-11-26 10:33:30 --> [DEPRECATED] Creation of dynamic property CodeIgniter\View\View::$common is deprecated in APPPATH\Views\sidebar.php on line 6.
 1 SYSTEMPATH\View\View.php(226): include('C:\\xampp\\htdocs\\finapp\\app\\Views\\sidebar.php')
 2 SYSTEMPATH\View\View.php(229): CodeIgniter\View\View->CodeIgniter\View\{closure}()
 3 SYSTEMPATH\Common.php(1167): CodeIgniter\View\View->render('sidebar', [], true)
 4 APPPATH\Views\transaction\transaction-list.php(644): view('sidebar')
 5 SYSTEMPATH\View\View.php(226): include('C:\\xampp\\htdocs\\finapp\\app\\Views\\transaction\\transaction-list.php')
 6 SYSTEMPATH\View\View.php(229): CodeIgniter\View\View->CodeIgniter\View\{closure}()
 7 SYSTEMPATH\Common.php(1167): CodeIgniter\View\View->render('transaction/transaction-list', [], true)
 8 APPPATH\Controllers\TransactionController.php(55): view('transaction/transaction-list', [...])
 9 SYSTEMPATH\CodeIgniter.php(933): App\Controllers\TransactionController->transaction_list()
10 SYSTEMPATH\CodeIgniter.php(507): CodeIgniter\CodeIgniter->runController(Object(App\Controllers\TransactionController))
11 SYSTEMPATH\CodeIgniter.php(354): CodeIgniter\CodeIgniter->handleRequest(null, Object(Config\Cache), false)
12 SYSTEMPATH\Boot.php(363): CodeIgniter\CodeIgniter->run()
13 SYSTEMPATH\Boot.php(68): CodeIgniter\Boot::runCodeIgniter(Object(CodeIgniter\CodeIgniter))
14 FCPATH\index.php(59): CodeIgniter\Boot::bootWeb(Object(Config\Paths))
DEBUG - 2025-11-26 05:03:30 --> Session: Class initialized using 'CodeIgniter\Session\Handlers\FileHandler' driver.
DEBUG - 2025-11-26 05:04:07 --> Session: Class initialized using 'CodeIgniter\Session\Handlers\FileHandler' driver.
WARNING - 2025-11-26 10:34:07 --> [DEPRECATED] Creation of dynamic property CodeIgniter\View\View::$common is deprecated in APPPATH\Views\sidebar.php on line 6.
 1 SYSTEMPATH\View\View.php(226): include('C:\\xampp\\htdocs\\finapp\\app\\Views\\sidebar.php')
 2 SYSTEMPATH\View\View.php(229): CodeIgniter\View\View->CodeIgniter\View\{closure}()
 3 SYSTEMPATH\Common.php(1167): CodeIgniter\View\View->render('sidebar', [], true)
 4 APPPATH\Views\transaction\transaction-list.php(644): view('sidebar')
 5 SYSTEMPATH\View\View.php(226): include('C:\\xampp\\htdocs\\finapp\\app\\Views\\transaction\\transaction-list.php')
 6 SYSTEMPATH\View\View.php(229): CodeIgniter\View\View->CodeIgniter\View\{closure}()
 7 SYSTEMPATH\Common.php(1167): CodeIgniter\View\View->render('transaction/transaction-list', [], true)
 8 APPPATH\Controllers\TransactionController.php(55): view('transaction/transaction-list', [...])
 9 SYSTEMPATH\CodeIgniter.php(933): App\Controllers\TransactionController->transaction_list()
10 SYSTEMPATH\CodeIgniter.php(507): CodeIgniter\CodeIgniter->runController(Object(App\Controllers\TransactionController))
11 SYSTEMPATH\CodeIgniter.php(354): CodeIgniter\CodeIgniter->handleRequest(null, Object(Config\Cache), false)
12 SYSTEMPATH\Boot.php(363): CodeIgniter\CodeIgniter->run()
13 SYSTEMPATH\Boot.php(68): CodeIgniter\Boot::runCodeIgniter(Object(CodeIgniter\CodeIgniter))
14 FCPATH\index.php(59): CodeIgniter\Boot::bootWeb(Object(Config\Paths))
DEBUG - 2025-11-26 05:04:08 --> Session: Class initialized using 'CodeIgniter\Session\Handlers\FileHandler' driver.
DEBUG - 2025-11-26 05:04:10 --> Session: Class initialized using 'CodeIgniter\Session\Handlers\FileHandler' driver.
CRITICAL - 2025-11-26 05:04:10 --> ParseError: syntax error, unexpected token ";", expecting "]"
[Method: GET, Route: admin/invoice/preview/3]
in APPPATH\Controllers\InvoiceController.php on line 82.
 1 SYSTEMPATH\Autoloader\Autoloader.php(295): CodeIgniter\Autoloader\Autoloader->includeFile('C:\\xampp\\htdocs\\finapp\\app\\Controllers\\InvoiceController.php')
 2 SYSTEMPATH\Autoloader\Autoloader.php(271): CodeIgniter\Autoloader\Autoloader->loadInNamespace('App\\Controllers\\InvoiceController')
 3 [internal function]: CodeIgniter\Autoloader\Autoloader->loadClass('App\\Controllers\\InvoiceController')
 4 SYSTEMPATH\CodeIgniter.php(885): class_exists('\\App\\Controllers\\InvoiceController', true)
 5 SYSTEMPATH\CodeIgniter.php(494): CodeIgniter\CodeIgniter->startController()
 6 SYSTEMPATH\CodeIgniter.php(354): CodeIgniter\CodeIgniter->handleRequest(null, Object(Config\Cache), false)
 7 SYSTEMPATH\Boot.php(363): CodeIgniter\CodeIgniter->run()
 8 SYSTEMPATH\Boot.php(68): CodeIgniter\Boot::runCodeIgniter(Object(CodeIgniter\CodeIgniter))
 9 FCPATH\index.php(59): CodeIgniter\Boot::bootWeb(Object(Config\Paths))
DEBUG - 2025-11-26 05:04:15 --> Session: Class initialized using 'CodeIgniter\Session\Handlers\FileHandler' driver.
WARNING - 2025-11-26 10:34:15 --> [DEPRECATED] Creation of dynamic property CodeIgniter\View\View::$common is deprecated in APPPATH\Views\sidebar.php on line 6.
 1 SYSTEMPATH\View\View.php(226): include('C:\\xampp\\htdocs\\finapp\\app\\Views\\sidebar.php')
 2 SYSTEMPATH\View\View.php(229): CodeIgniter\View\View->CodeIgniter\View\{closure}()
 3 SYSTEMPATH\Common.php(1167): CodeIgniter\View\View->render('sidebar', [], true)
 4 APPPATH\Views\transaction\transaction-list.php(644): view('sidebar')
 5 SYSTEMPATH\View\View.php(226): include('C:\\xampp\\htdocs\\finapp\\app\\Views\\transaction\\transaction-list.php')
 6 SYSTEMPATH\View\View.php(229): CodeIgniter\View\View->CodeIgniter\View\{closure}()
 7 SYSTEMPATH\Common.php(1167): CodeIgniter\View\View->render('transaction/transaction-list', [], true)
 8 APPPATH\Controllers\TransactionController.php(55): view('transaction/transaction-list', [...])
 9 SYSTEMPATH\CodeIgniter.php(933): App\Controllers\TransactionController->transaction_list()
10 SYSTEMPATH\CodeIgniter.php(507): CodeIgniter\CodeIgniter->runController(Object(App\Controllers\TransactionController))
11 SYSTEMPATH\CodeIgniter.php(354): CodeIgniter\CodeIgniter->handleRequest(null, Object(Config\Cache), false)
12 SYSTEMPATH\Boot.php(363): CodeIgniter\CodeIgniter->run()
13 SYSTEMPATH\Boot.php(68): CodeIgniter\Boot::runCodeIgniter(Object(CodeIgniter\CodeIgniter))
14 FCPATH\index.php(59): CodeIgniter\Boot::bootWeb(Object(Config\Paths))
DEBUG - 2025-11-26 05:04:15 --> Session: Class initialized using 'CodeIgniter\Session\Handlers\FileHandler' driver.
DEBUG - 2025-11-26 05:04:29 --> Session: Class initialized using 'CodeIgniter\Session\Handlers\FileHandler' driver.
WARNING - 2025-11-26 10:34:31 --> [DEPRECATED] Creation of dynamic property CodeIgniter\View\View::$common is deprecated in APPPATH\Views\sidebar.php on line 6.
 1 SYSTEMPATH\View\View.php(226): include('C:\\xampp\\htdocs\\finapp\\app\\Views\\sidebar.php')
 2 SYSTEMPATH\View\View.php(229): CodeIgniter\View\View->CodeIgniter\View\{closure}()
 3 SYSTEMPATH\Common.php(1167): CodeIgniter\View\View->render('sidebar', [], true)
 4 APPPATH\Views\transaction\transaction-list.php(644): view('sidebar')
 5 SYSTEMPATH\View\View.php(226): include('C:\\xampp\\htdocs\\finapp\\app\\Views\\transaction\\transaction-list.php')
 6 SYSTEMPATH\View\View.php(229): CodeIgniter\View\View->CodeIgniter\View\{closure}()
 7 SYSTEMPATH\Common.php(1167): CodeIgniter\View\View->render('transaction/transaction-list', [], true)
 8 APPPATH\Controllers\TransactionController.php(55): view('transaction/transaction-list', [...])
 9 SYSTEMPATH\CodeIgniter.php(933): App\Controllers\TransactionController->transaction_list()
10 SYSTEMPATH\CodeIgniter.php(507): CodeIgniter\CodeIgniter->runController(Object(App\Controllers\TransactionController))
11 SYSTEMPATH\CodeIgniter.php(354): CodeIgniter\CodeIgniter->handleRequest(null, Object(Config\Cache), false)
12 SYSTEMPATH\Boot.php(363): CodeIgniter\CodeIgniter->run()
13 SYSTEMPATH\Boot.php(68): CodeIgniter\Boot::runCodeIgniter(Object(CodeIgniter\CodeIgniter))
14 FCPATH\index.php(59): CodeIgniter\Boot::bootWeb(Object(Config\Paths))
DEBUG - 2025-11-26 05:04:34 --> Session: Class initialized using 'CodeIgniter\Session\Handlers\FileHandler' driver.
DEBUG - 2025-11-26 05:04:37 --> Session: Class initialized using 'CodeIgniter\Session\Handlers\FileHandler' driver.
CRITICAL - 2025-11-26 10:34:37 --> TypeError: nl2br(): Argument #1 ($string) must be of type string, array given
[Method: GET, Route: admin/invoice/preview/3]
in APPPATH\Views\transaction\invoice.php on line 453.
 1 APPPATH\Views\transaction\invoice.php(453): nl2br([...])
 2 SYSTEMPATH\View\View.php(226): include('C:\\xampp\\htdocs\\finapp\\app\\Views\\transaction\\invoice.php')
 3 SYSTEMPATH\View\View.php(229): CodeIgniter\View\View->CodeIgniter\View\{closure}()
 4 SYSTEMPATH\Common.php(1167): CodeIgniter\View\View->render('transaction/invoice', [], true)
 5 APPPATH\Controllers\InvoiceController.php(85): view('transaction/invoice', [...])
 6 SYSTEMPATH\CodeIgniter.php(933): App\Controllers\InvoiceController->preview('3')
 7 SYSTEMPATH\CodeIgniter.php(507): CodeIgniter\CodeIgniter->runController(Object(App\Controllers\InvoiceController))
 8 SYSTEMPATH\CodeIgniter.php(354): CodeIgniter\CodeIgniter->handleRequest(null, Object(Config\Cache), false)
 9 SYSTEMPATH\Boot.php(363): CodeIgniter\CodeIgniter->run()
10 SYSTEMPATH\Boot.php(68): CodeIgniter\Boot::runCodeIgniter(Object(CodeIgniter\CodeIgniter))
11 FCPATH\index.php(59): CodeIgniter\Boot::bootWeb(Object(Config\Paths))
DEBUG - 2025-11-26 05:05:04 --> Session: Class initialized using 'CodeIgniter\Session\Handlers\FileHandler' driver.
CRITICAL - 2025-11-26 10:35:04 --> ErrorException: Array to string conversion
[Method: GET, Route: admin/invoice/preview/3]
in APPPATH\Views\transaction\invoice.php on line 453.
 1 APPPATH\Views\transaction\invoice.php(453): CodeIgniter\Debug\Exceptions->errorHandler(2, 'Array to string conversion', 'C:\\xampp\\htdocs\\finapp\\app\\Views\\transaction\\invoice.php', 453)
 2 SYSTEMPATH\View\View.php(226): include('C:\\xampp\\htdocs\\finapp\\app\\Views\\transaction\\invoice.php')
 3 SYSTEMPATH\View\View.php(229): CodeIgniter\View\View->CodeIgniter\View\{closure}()
 4 SYSTEMPATH\Common.php(1167): CodeIgniter\View\View->render('transaction/invoice', [], true)
 5 APPPATH\Controllers\InvoiceController.php(85): view('transaction/invoice', [...])
 6 SYSTEMPATH\CodeIgniter.php(933): App\Controllers\InvoiceController->preview('3')
 7 SYSTEMPATH\CodeIgniter.php(507): CodeIgniter\CodeIgniter->runController(Object(App\Controllers\InvoiceController))
 8 SYSTEMPATH\CodeIgniter.php(354): CodeIgniter\CodeIgniter->handleRequest(null, Object(Config\Cache), false)
 9 SYSTEMPATH\Boot.php(363): CodeIgniter\CodeIgniter->run()
10 SYSTEMPATH\Boot.php(68): CodeIgniter\Boot::runCodeIgniter(Object(CodeIgniter\CodeIgniter))
11 FCPATH\index.php(59): CodeIgniter\Boot::bootWeb(Object(Config\Paths))
DEBUG - 2025-11-26 05:06:54 --> Session: Class initialized using 'CodeIgniter\Session\Handlers\FileHandler' driver.
DEBUG - 2025-11-26 05:07:01 --> Session: Class initialized using 'CodeIgniter\Session\Handlers\FileHandler' driver.
WARNING - 2025-11-26 10:37:01 --> [DEPRECATED] Creation of dynamic property CodeIgniter\View\View::$common is deprecated in APPPATH\Views\sidebar.php on line 6.
 1 SYSTEMPATH\View\View.php(226): include('C:\\xampp\\htdocs\\finapp\\app\\Views\\sidebar.php')
 2 SYSTEMPATH\View\View.php(229): CodeIgniter\View\View->CodeIgniter\View\{closure}()
 3 SYSTEMPATH\Common.php(1167): CodeIgniter\View\View->render('sidebar', [], true)
 4 APPPATH\Views\transaction\transaction-list.php(644): view('sidebar')
 5 SYSTEMPATH\View\View.php(226): include('C:\\xampp\\htdocs\\finapp\\app\\Views\\transaction\\transaction-list.php')
 6 SYSTEMPATH\View\View.php(229): CodeIgniter\View\View->CodeIgniter\View\{closure}()
 7 SYSTEMPATH\Common.php(1167): CodeIgniter\View\View->render('transaction/transaction-list', [], true)
 8 APPPATH\Controllers\TransactionController.php(55): view('transaction/transaction-list', [...])
 9 SYSTEMPATH\CodeIgniter.php(933): App\Controllers\TransactionController->transaction_list()
10 SYSTEMPATH\CodeIgniter.php(507): CodeIgniter\CodeIgniter->runController(Object(App\Controllers\TransactionController))
11 SYSTEMPATH\CodeIgniter.php(354): CodeIgniter\CodeIgniter->handleRequest(null, Object(Config\Cache), false)
12 SYSTEMPATH\Boot.php(363): CodeIgniter\CodeIgniter->run()
13 SYSTEMPATH\Boot.php(68): CodeIgniter\Boot::runCodeIgniter(Object(CodeIgniter\CodeIgniter))
14 FCPATH\index.php(59): CodeIgniter\Boot::bootWeb(Object(Config\Paths))
DEBUG - 2025-11-26 05:07:01 --> Session: Class initialized using 'CodeIgniter\Session\Handlers\FileHandler' driver.
DEBUG - 2025-11-26 05:07:08 --> Session: Class initialized using 'CodeIgniter\Session\Handlers\FileHandler' driver.
WARNING - 2025-11-26 10:37:08 --> [DEPRECATED] Creation of dynamic property CodeIgniter\View\View::$common is deprecated in APPPATH\Views\sidebar.php on line 6.
 1 SYSTEMPATH\View\View.php(226): include('C:\\xampp\\htdocs\\finapp\\app\\Views\\sidebar.php')
 2 SYSTEMPATH\View\View.php(229): CodeIgniter\View\View->CodeIgniter\View\{closure}()
 3 SYSTEMPATH\Common.php(1167): CodeIgniter\View\View->render('sidebar', [], true)
 4 APPPATH\Views\admin\company-info.php(251): view('sidebar')
 5 SYSTEMPATH\View\View.php(226): include('C:\\xampp\\htdocs\\finapp\\app\\Views\\admin\\company-info.php')
 6 SYSTEMPATH\View\View.php(229): CodeIgniter\View\View->CodeIgniter\View\{closure}()
 7 SYSTEMPATH\Common.php(1167): CodeIgniter\View\View->render('admin/company-info', [], true)
 8 APPPATH\Controllers\CompanyInfoController.php(20): view('admin/company-info', [...])
 9 SYSTEMPATH\CodeIgniter.php(933): App\Controllers\CompanyInfoController->company_info()
10 SYSTEMPATH\CodeIgniter.php(507): CodeIgniter\CodeIgniter->runController(Object(App\Controllers\CompanyInfoController))
11 SYSTEMPATH\CodeIgniter.php(354): CodeIgniter\CodeIgniter->handleRequest(null, Object(Config\Cache), false)
12 SYSTEMPATH\Boot.php(363): CodeIgniter\CodeIgniter->run()
13 SYSTEMPATH\Boot.php(68): CodeIgniter\Boot::runCodeIgniter(Object(CodeIgniter\CodeIgniter))
14 FCPATH\index.php(59): CodeIgniter\Boot::bootWeb(Object(Config\Paths))
DEBUG - 2025-11-26 05:07:08 --> Session: Class initialized using 'CodeIgniter\Session\Handlers\FileHandler' driver.
DEBUG - 2025-11-26 05:08:11 --> Session: Class initialized using 'CodeIgniter\Session\Handlers\FileHandler' driver.
DEBUG - 2025-11-26 05:08:11 --> Session: Class initialized using 'CodeIgniter\Session\Handlers\FileHandler' driver.
WARNING - 2025-11-26 10:38:11 --> [DEPRECATED] Creation of dynamic property CodeIgniter\View\View::$common is deprecated in APPPATH\Views\sidebar.php on line 6.
 1 SYSTEMPATH\View\View.php(226): include('C:\\xampp\\htdocs\\finapp\\app\\Views\\sidebar.php')
 2 SYSTEMPATH\View\View.php(229): CodeIgniter\View\View->CodeIgniter\View\{closure}()
 3 SYSTEMPATH\Common.php(1167): CodeIgniter\View\View->render('sidebar', [], true)
 4 APPPATH\Views\admin\company-info.php(251): view('sidebar')
 5 SYSTEMPATH\View\View.php(226): include('C:\\xampp\\htdocs\\finapp\\app\\Views\\admin\\company-info.php')
 6 SYSTEMPATH\View\View.php(229): CodeIgniter\View\View->CodeIgniter\View\{closure}()
 7 SYSTEMPATH\Common.php(1167): CodeIgniter\View\View->render('admin/company-info', [], true)
 8 APPPATH\Controllers\CompanyInfoController.php(20): view('admin/company-info', [...])
 9 SYSTEMPATH\CodeIgniter.php(933): App\Controllers\CompanyInfoController->company_info()
10 SYSTEMPATH\CodeIgniter.php(507): CodeIgniter\CodeIgniter->runController(Object(App\Controllers\CompanyInfoController))
11 SYSTEMPATH\CodeIgniter.php(354): CodeIgniter\CodeIgniter->handleRequest(null, Object(Config\Cache), false)
12 SYSTEMPATH\Boot.php(363): CodeIgniter\CodeIgniter->run()
13 SYSTEMPATH\Boot.php(68): CodeIgniter\Boot::runCodeIgniter(Object(CodeIgniter\CodeIgniter))
14 FCPATH\index.php(59): CodeIgniter\Boot::bootWeb(Object(Config\Paths))
DEBUG - 2025-11-26 05:08:12 --> Session: Class initialized using 'CodeIgniter\Session\Handlers\FileHandler' driver.
DEBUG - 2025-11-26 05:08:18 --> Session: Class initialized using 'CodeIgniter\Session\Handlers\FileHandler' driver.
WARNING - 2025-11-26 10:38:18 --> [DEPRECATED] Creation of dynamic property CodeIgniter\View\View::$common is deprecated in APPPATH\Views\sidebar.php on line 6.
 1 SYSTEMPATH\View\View.php(226): include('C:\\xampp\\htdocs\\finapp\\app\\Views\\sidebar.php')
 2 SYSTEMPATH\View\View.php(229): CodeIgniter\View\View->CodeIgniter\View\{closure}()
 3 SYSTEMPATH\Common.php(1167): CodeIgniter\View\View->render('sidebar', [], true)
 4 APPPATH\Views\transaction\transaction-list.php(644): view('sidebar')
 5 SYSTEMPATH\View\View.php(226): include('C:\\xampp\\htdocs\\finapp\\app\\Views\\transaction\\transaction-list.php')
 6 SYSTEMPATH\View\View.php(229): CodeIgniter\View\View->CodeIgniter\View\{closure}()
 7 SYSTEMPATH\Common.php(1167): CodeIgniter\View\View->render('transaction/transaction-list', [], true)
 8 APPPATH\Controllers\TransactionController.php(55): view('transaction/transaction-list', [...])
 9 SYSTEMPATH\CodeIgniter.php(933): App\Controllers\TransactionController->transaction_list()
10 SYSTEMPATH\CodeIgniter.php(507): CodeIgniter\CodeIgniter->runController(Object(App\Controllers\TransactionController))
11 SYSTEMPATH\CodeIgniter.php(354): CodeIgniter\CodeIgniter->handleRequest(null, Object(Config\Cache), false)
12 SYSTEMPATH\Boot.php(363): CodeIgniter\CodeIgniter->run()
13 SYSTEMPATH\Boot.php(68): CodeIgniter\Boot::runCodeIgniter(Object(CodeIgniter\CodeIgniter))
14 FCPATH\index.php(59): CodeIgniter\Boot::bootWeb(Object(Config\Paths))
DEBUG - 2025-11-26 05:08:18 --> Session: Class initialized using 'CodeIgniter\Session\Handlers\FileHandler' driver.
DEBUG - 2025-11-26 05:08:20 --> Session: Class initialized using 'CodeIgniter\Session\Handlers\FileHandler' driver.
DEBUG - 2025-11-26 05:09:44 --> Session: Class initialized using 'CodeIgniter\Session\Handlers\FileHandler' driver.
DEBUG - 2025-11-26 05:10:04 --> Session: Class initialized using 'CodeIgniter\Session\Handlers\FileHandler' driver.
