DEBUG - 2025-11-09 19:49:01 --> Session: Class initialized using 'CodeIgniter\Session\Handlers\FileHandler' driver.
DEBUG - 2025-11-09 21:16:57 --> Session: Class initialized using 'CodeIgniter\Session\Handlers\FileHandler' driver.
DEBUG - 2025-11-09 21:19:05 --> Session: Class initialized using 'CodeIgniter\Session\Handlers\FileHandler' driver.
DEBUG - 2025-11-09 22:12:12 --> Session: Class initialized using 'CodeIgniter\Session\Handlers\FileHandler' driver.
DEBUG - 2025-11-09 22:12:25 --> Session: Class initialized using 'CodeIgniter\Session\Handlers\FileHandler' driver.
DEBUG - 2025-11-09 16:42:27 --> Session: Class initialized using 'CodeIgniter\Session\Handlers\FileHandler' driver.
WARNING - 2025-11-09 22:12:28 --> [DEPRECATED] Creation of dynamic property CodeIgniter\View\View::$common is deprecated in APPPATH\Views\sidebar.php on line 6.
 1 SYSTEMPATH\View\View.php(226): include('C:\\xampp\\htdocs\\finapp\\app\\Views\\sidebar.php')
 2 SYSTEMPATH\View\View.php(229): CodeIgniter\View\View->CodeIgniter\View\{closure}()
 3 SYSTEMPATH\Common.php(1167): CodeIgniter\View\View->render('sidebar', [], true)
 4 APPPATH\Views\index.php(563): view('sidebar')
 5 SYSTEMPATH\View\View.php(226): include('C:\\xampp\\htdocs\\finapp\\app\\Views\\index.php')
 6 SYSTEMPATH\View\View.php(229): CodeIgniter\View\View->CodeIgniter\View\{closure}()
 7 SYSTEMPATH\Common.php(1167): CodeIgniter\View\View->render('index', [], true)
 8 APPPATH\Controllers\Home.php(50): view('index', [...])
 9 SYSTEMPATH\CodeIgniter.php(933): App\Controllers\Home->index()
10 SYSTEMPATH\CodeIgniter.php(507): CodeIgniter\CodeIgniter->runController(Object(App\Controllers\Home))
11 SYSTEMPATH\CodeIgniter.php(354): CodeIgniter\CodeIgniter->handleRequest(null, Object(Config\Cache), false)
12 SYSTEMPATH\Boot.php(363): CodeIgniter\CodeIgniter->run()
13 SYSTEMPATH\Boot.php(68): CodeIgniter\Boot::runCodeIgniter(Object(CodeIgniter\CodeIgniter))
14 FCPATH\index.php(59): CodeIgniter\Boot::bootWeb(Object(Config\Paths))
DEBUG - 2025-11-09 16:42:41 --> Session: Class initialized using 'CodeIgniter\Session\Handlers\FileHandler' driver.
WARNING - 2025-11-09 16:42:42 --> [DEPRECATED] Creation of dynamic property CodeIgniter\View\View::$common is deprecated in APPPATH\Views\sidebar.php on line 6.
 1 SYSTEMPATH\View\View.php(226): include('C:\\xampp\\htdocs\\finapp\\app\\Views\\sidebar.php')
 2 SYSTEMPATH\View\View.php(229): CodeIgniter\View\View->CodeIgniter\View\{closure}()
 3 SYSTEMPATH\Common.php(1167): CodeIgniter\View\View->render('sidebar', [], true)
 4 APPPATH\Views\user\list.php(278): view('sidebar')
 5 SYSTEMPATH\View\View.php(226): include('C:\\xampp\\htdocs\\finapp\\app\\Views\\user\\list.php')
 6 SYSTEMPATH\View\View.php(229): CodeIgniter\View\View->CodeIgniter\View\{closure}()
 7 SYSTEMPATH\Common.php(1167): CodeIgniter\View\View->render('user\\list', [], true)
 8 APPPATH\Controllers\UserController.php(27): view('user\\list', [...])
 9 SYSTEMPATH\CodeIgniter.php(933): App\Controllers\UserController->user_list()
10 SYSTEMPATH\CodeIgniter.php(507): CodeIgniter\CodeIgniter->runController(Object(App\Controllers\UserController))
11 SYSTEMPATH\CodeIgniter.php(354): CodeIgniter\CodeIgniter->handleRequest(null, Object(Config\Cache), false)
12 SYSTEMPATH\Boot.php(363): CodeIgniter\CodeIgniter->run()
13 SYSTEMPATH\Boot.php(68): CodeIgniter\Boot::runCodeIgniter(Object(CodeIgniter\CodeIgniter))
14 FCPATH\index.php(59): CodeIgniter\Boot::bootWeb(Object(Config\Paths))
DEBUG - 2025-11-09 16:42:51 --> Session: Class initialized using 'CodeIgniter\Session\Handlers\FileHandler' driver.
DEBUG - 2025-11-09 16:42:51 --> Session: Class initialized using 'CodeIgniter\Session\Handlers\FileHandler' driver.
WARNING - 2025-11-09 16:42:52 --> [DEPRECATED] Creation of dynamic property CodeIgniter\View\View::$common is deprecated in APPPATH\Views\sidebar.php on line 6.
 1 SYSTEMPATH\View\View.php(226): include('C:\\xampp\\htdocs\\finapp\\app\\Views\\sidebar.php')
 2 SYSTEMPATH\View\View.php(229): CodeIgniter\View\View->CodeIgniter\View\{closure}()
 3 SYSTEMPATH\Common.php(1167): CodeIgniter\View\View->render('sidebar', [], true)
 4 APPPATH\Views\user\list.php(278): view('sidebar')
 5 SYSTEMPATH\View\View.php(226): include('C:\\xampp\\htdocs\\finapp\\app\\Views\\user\\list.php')
 6 SYSTEMPATH\View\View.php(229): CodeIgniter\View\View->CodeIgniter\View\{closure}()
 7 SYSTEMPATH\Common.php(1167): CodeIgniter\View\View->render('user\\list', [], true)
 8 APPPATH\Controllers\UserController.php(27): view('user\\list', [...])
 9 SYSTEMPATH\CodeIgniter.php(933): App\Controllers\UserController->user_list()
10 SYSTEMPATH\CodeIgniter.php(507): CodeIgniter\CodeIgniter->runController(Object(App\Controllers\UserController))
11 SYSTEMPATH\CodeIgniter.php(354): CodeIgniter\CodeIgniter->handleRequest(null, Object(Config\Cache), false)
12 SYSTEMPATH\Boot.php(363): CodeIgniter\CodeIgniter->run()
13 SYSTEMPATH\Boot.php(68): CodeIgniter\Boot::runCodeIgniter(Object(CodeIgniter\CodeIgniter))
14 FCPATH\index.php(59): CodeIgniter\Boot::bootWeb(Object(Config\Paths))
DEBUG - 2025-11-09 16:44:09 --> Session: Class initialized using 'CodeIgniter\Session\Handlers\FileHandler' driver.
WARNING - 2025-11-09 16:44:10 --> [DEPRECATED] Creation of dynamic property CodeIgniter\View\View::$common is deprecated in APPPATH\Views\sidebar.php on line 6.
 1 SYSTEMPATH\View\View.php(226): include('C:\\xampp\\htdocs\\finapp\\app\\Views\\sidebar.php')
 2 SYSTEMPATH\View\View.php(229): CodeIgniter\View\View->CodeIgniter\View\{closure}()
 3 SYSTEMPATH\Common.php(1167): CodeIgniter\View\View->render('sidebar', [], true)
 4 APPPATH\Views\user\list.php(278): view('sidebar')
 5 SYSTEMPATH\View\View.php(226): include('C:\\xampp\\htdocs\\finapp\\app\\Views\\user\\list.php')
 6 SYSTEMPATH\View\View.php(229): CodeIgniter\View\View->CodeIgniter\View\{closure}()
 7 SYSTEMPATH\Common.php(1167): CodeIgniter\View\View->render('user\\list', [], true)
 8 APPPATH\Controllers\UserController.php(27): view('user\\list', [...])
 9 SYSTEMPATH\CodeIgniter.php(933): App\Controllers\UserController->user_list()
10 SYSTEMPATH\CodeIgniter.php(507): CodeIgniter\CodeIgniter->runController(Object(App\Controllers\UserController))
11 SYSTEMPATH\CodeIgniter.php(354): CodeIgniter\CodeIgniter->handleRequest(null, Object(Config\Cache), false)
12 SYSTEMPATH\Boot.php(363): CodeIgniter\CodeIgniter->run()
13 SYSTEMPATH\Boot.php(68): CodeIgniter\Boot::runCodeIgniter(Object(CodeIgniter\CodeIgniter))
14 FCPATH\index.php(59): CodeIgniter\Boot::bootWeb(Object(Config\Paths))
DEBUG - 2025-11-09 16:44:14 --> Session: Class initialized using 'CodeIgniter\Session\Handlers\FileHandler' driver.
WARNING - 2025-11-09 22:14:15 --> [DEPRECATED] Creation of dynamic property CodeIgniter\View\View::$common is deprecated in APPPATH\Views\sidebar.php on line 6.
 1 SYSTEMPATH\View\View.php(226): include('C:\\xampp\\htdocs\\finapp\\app\\Views\\sidebar.php')
 2 SYSTEMPATH\View\View.php(229): CodeIgniter\View\View->CodeIgniter\View\{closure}()
 3 SYSTEMPATH\Common.php(1167): CodeIgniter\View\View->render('sidebar', [], true)
 4 APPPATH\Views\client\client-list.php(381): view('sidebar')
 5 SYSTEMPATH\View\View.php(226): include('C:\\xampp\\htdocs\\finapp\\app\\Views\\client\\client-list.php')
 6 SYSTEMPATH\View\View.php(229): CodeIgniter\View\View->CodeIgniter\View\{closure}()
 7 SYSTEMPATH\Common.php(1167): CodeIgniter\View\View->render('client/client-list', [], true)
 8 APPPATH\Controllers\ClientController.php(35): view('client/client-list', [...])
 9 SYSTEMPATH\CodeIgniter.php(933): App\Controllers\ClientController->client_list()
10 SYSTEMPATH\CodeIgniter.php(507): CodeIgniter\CodeIgniter->runController(Object(App\Controllers\ClientController))
11 SYSTEMPATH\CodeIgniter.php(354): CodeIgniter\CodeIgniter->handleRequest(null, Object(Config\Cache), false)
12 SYSTEMPATH\Boot.php(363): CodeIgniter\CodeIgniter->run()
13 SYSTEMPATH\Boot.php(68): CodeIgniter\Boot::runCodeIgniter(Object(CodeIgniter\CodeIgniter))
14 FCPATH\index.php(59): CodeIgniter\Boot::bootWeb(Object(Config\Paths))
DEBUG - 2025-11-09 16:44:18 --> Session: Class initialized using 'CodeIgniter\Session\Handlers\FileHandler' driver.
WARNING - 2025-11-09 22:14:18 --> [DEPRECATED] Creation of dynamic property CodeIgniter\View\View::$common is deprecated in APPPATH\Views\sidebar.php on line 6.
 1 SYSTEMPATH\View\View.php(226): include('C:\\xampp\\htdocs\\finapp\\app\\Views\\sidebar.php')
 2 SYSTEMPATH\View\View.php(229): CodeIgniter\View\View->CodeIgniter\View\{closure}()
 3 SYSTEMPATH\Common.php(1167): CodeIgniter\View\View->render('sidebar', [], true)
 4 APPPATH\Views\client\client-list.php(381): view('sidebar')
 5 SYSTEMPATH\View\View.php(226): include('C:\\xampp\\htdocs\\finapp\\app\\Views\\client\\client-list.php')
 6 SYSTEMPATH\View\View.php(229): CodeIgniter\View\View->CodeIgniter\View\{closure}()
 7 SYSTEMPATH\Common.php(1167): CodeIgniter\View\View->render('client/client-list', [], true)
 8 APPPATH\Controllers\ClientController.php(35): view('client/client-list', [...])
 9 SYSTEMPATH\CodeIgniter.php(933): App\Controllers\ClientController->client_list()
10 SYSTEMPATH\CodeIgniter.php(507): CodeIgniter\CodeIgniter->runController(Object(App\Controllers\ClientController))
11 SYSTEMPATH\CodeIgniter.php(354): CodeIgniter\CodeIgniter->handleRequest(null, Object(Config\Cache), false)
12 SYSTEMPATH\Boot.php(363): CodeIgniter\CodeIgniter->run()
13 SYSTEMPATH\Boot.php(68): CodeIgniter\Boot::runCodeIgniter(Object(CodeIgniter\CodeIgniter))
14 FCPATH\index.php(59): CodeIgniter\Boot::bootWeb(Object(Config\Paths))
DEBUG - 2025-11-09 16:44:20 --> Session: Class initialized using 'CodeIgniter\Session\Handlers\FileHandler' driver.
WARNING - 2025-11-09 22:14:21 --> [DEPRECATED] Creation of dynamic property CodeIgniter\View\View::$common is deprecated in APPPATH\Views\sidebar.php on line 6.
 1 SYSTEMPATH\View\View.php(226): include('C:\\xampp\\htdocs\\finapp\\app\\Views\\sidebar.php')
 2 SYSTEMPATH\View\View.php(229): CodeIgniter\View\View->CodeIgniter\View\{closure}()
 3 SYSTEMPATH\Common.php(1167): CodeIgniter\View\View->render('sidebar', [], true)
 4 APPPATH\Views\client\client-list.php(381): view('sidebar')
 5 SYSTEMPATH\View\View.php(226): include('C:\\xampp\\htdocs\\finapp\\app\\Views\\client\\client-list.php')
 6 SYSTEMPATH\View\View.php(229): CodeIgniter\View\View->CodeIgniter\View\{closure}()
 7 SYSTEMPATH\Common.php(1167): CodeIgniter\View\View->render('client/client-list', [], true)
 8 APPPATH\Controllers\ClientController.php(35): view('client/client-list', [...])
 9 SYSTEMPATH\CodeIgniter.php(933): App\Controllers\ClientController->client_list()
10 SYSTEMPATH\CodeIgniter.php(507): CodeIgniter\CodeIgniter->runController(Object(App\Controllers\ClientController))
11 SYSTEMPATH\CodeIgniter.php(354): CodeIgniter\CodeIgniter->handleRequest(null, Object(Config\Cache), false)
12 SYSTEMPATH\Boot.php(363): CodeIgniter\CodeIgniter->run()
13 SYSTEMPATH\Boot.php(68): CodeIgniter\Boot::runCodeIgniter(Object(CodeIgniter\CodeIgniter))
14 FCPATH\index.php(59): CodeIgniter\Boot::bootWeb(Object(Config\Paths))
DEBUG - 2025-11-09 16:44:23 --> Session: Class initialized using 'CodeIgniter\Session\Handlers\FileHandler' driver.
WARNING - 2025-11-09 22:14:23 --> [DEPRECATED] Creation of dynamic property CodeIgniter\View\View::$common is deprecated in APPPATH\Views\sidebar.php on line 6.
 1 SYSTEMPATH\View\View.php(226): include('C:\\xampp\\htdocs\\finapp\\app\\Views\\sidebar.php')
 2 SYSTEMPATH\View\View.php(229): CodeIgniter\View\View->CodeIgniter\View\{closure}()
 3 SYSTEMPATH\Common.php(1167): CodeIgniter\View\View->render('sidebar', [], true)
 4 APPPATH\Views\client\client-list.php(381): view('sidebar')
 5 SYSTEMPATH\View\View.php(226): include('C:\\xampp\\htdocs\\finapp\\app\\Views\\client\\client-list.php')
 6 SYSTEMPATH\View\View.php(229): CodeIgniter\View\View->CodeIgniter\View\{closure}()
 7 SYSTEMPATH\Common.php(1167): CodeIgniter\View\View->render('client/client-list', [], true)
 8 APPPATH\Controllers\ClientController.php(35): view('client/client-list', [...])
 9 SYSTEMPATH\CodeIgniter.php(933): App\Controllers\ClientController->client_list()
10 SYSTEMPATH\CodeIgniter.php(507): CodeIgniter\CodeIgniter->runController(Object(App\Controllers\ClientController))
11 SYSTEMPATH\CodeIgniter.php(354): CodeIgniter\CodeIgniter->handleRequest(null, Object(Config\Cache), false)
12 SYSTEMPATH\Boot.php(363): CodeIgniter\CodeIgniter->run()
13 SYSTEMPATH\Boot.php(68): CodeIgniter\Boot::runCodeIgniter(Object(CodeIgniter\CodeIgniter))
14 FCPATH\index.php(59): CodeIgniter\Boot::bootWeb(Object(Config\Paths))
DEBUG - 2025-11-09 16:44:27 --> Session: Class initialized using 'CodeIgniter\Session\Handlers\FileHandler' driver.
WARNING - 2025-11-09 16:44:27 --> [DEPRECATED] Creation of dynamic property CodeIgniter\View\View::$common is deprecated in APPPATH\Views\sidebar.php on line 6.
 1 SYSTEMPATH\View\View.php(226): include('C:\\xampp\\htdocs\\finapp\\app\\Views\\sidebar.php')
 2 SYSTEMPATH\View\View.php(229): CodeIgniter\View\View->CodeIgniter\View\{closure}()
 3 SYSTEMPATH\Common.php(1167): CodeIgniter\View\View->render('sidebar', [], true)
 4 APPPATH\Views\user\list.php(278): view('sidebar')
 5 SYSTEMPATH\View\View.php(226): include('C:\\xampp\\htdocs\\finapp\\app\\Views\\user\\list.php')
 6 SYSTEMPATH\View\View.php(229): CodeIgniter\View\View->CodeIgniter\View\{closure}()
 7 SYSTEMPATH\Common.php(1167): CodeIgniter\View\View->render('user\\list', [], true)
 8 APPPATH\Controllers\UserController.php(27): view('user\\list', [...])
 9 SYSTEMPATH\CodeIgniter.php(933): App\Controllers\UserController->user_list()
10 SYSTEMPATH\CodeIgniter.php(507): CodeIgniter\CodeIgniter->runController(Object(App\Controllers\UserController))
11 SYSTEMPATH\CodeIgniter.php(354): CodeIgniter\CodeIgniter->handleRequest(null, Object(Config\Cache), false)
12 SYSTEMPATH\Boot.php(363): CodeIgniter\CodeIgniter->run()
13 SYSTEMPATH\Boot.php(68): CodeIgniter\Boot::runCodeIgniter(Object(CodeIgniter\CodeIgniter))
14 FCPATH\index.php(59): CodeIgniter\Boot::bootWeb(Object(Config\Paths))
DEBUG - 2025-11-09 16:44:33 --> Session: Class initialized using 'CodeIgniter\Session\Handlers\FileHandler' driver.
WARNING - 2025-11-09 22:14:33 --> [DEPRECATED] Creation of dynamic property CodeIgniter\View\View::$common is deprecated in APPPATH\Views\sidebar.php on line 6.
 1 SYSTEMPATH\View\View.php(226): include('C:\\xampp\\htdocs\\finapp\\app\\Views\\sidebar.php')
 2 SYSTEMPATH\View\View.php(229): CodeIgniter\View\View->CodeIgniter\View\{closure}()
 3 SYSTEMPATH\Common.php(1167): CodeIgniter\View\View->render('sidebar', [], true)
 4 APPPATH\Views\index.php(563): view('sidebar')
 5 SYSTEMPATH\View\View.php(226): include('C:\\xampp\\htdocs\\finapp\\app\\Views\\index.php')
 6 SYSTEMPATH\View\View.php(229): CodeIgniter\View\View->CodeIgniter\View\{closure}()
 7 SYSTEMPATH\Common.php(1167): CodeIgniter\View\View->render('index', [], true)
 8 APPPATH\Controllers\Home.php(50): view('index', [...])
 9 SYSTEMPATH\CodeIgniter.php(933): App\Controllers\Home->index()
10 SYSTEMPATH\CodeIgniter.php(507): CodeIgniter\CodeIgniter->runController(Object(App\Controllers\Home))
11 SYSTEMPATH\CodeIgniter.php(354): CodeIgniter\CodeIgniter->handleRequest(null, Object(Config\Cache), false)
12 SYSTEMPATH\Boot.php(363): CodeIgniter\CodeIgniter->run()
13 SYSTEMPATH\Boot.php(68): CodeIgniter\Boot::runCodeIgniter(Object(CodeIgniter\CodeIgniter))
14 FCPATH\index.php(59): CodeIgniter\Boot::bootWeb(Object(Config\Paths))
DEBUG - 2025-11-09 16:44:36 --> Session: Class initialized using 'CodeIgniter\Session\Handlers\FileHandler' driver.
WARNING - 2025-11-09 16:44:36 --> [DEPRECATED] Creation of dynamic property CodeIgniter\View\View::$common is deprecated in APPPATH\Views\sidebar.php on line 6.
 1 SYSTEMPATH\View\View.php(226): include('C:\\xampp\\htdocs\\finapp\\app\\Views\\sidebar.php')
 2 SYSTEMPATH\View\View.php(229): CodeIgniter\View\View->CodeIgniter\View\{closure}()
 3 SYSTEMPATH\Common.php(1167): CodeIgniter\View\View->render('sidebar', [], true)
 4 APPPATH\Views\user\list.php(278): view('sidebar')
 5 SYSTEMPATH\View\View.php(226): include('C:\\xampp\\htdocs\\finapp\\app\\Views\\user\\list.php')
 6 SYSTEMPATH\View\View.php(229): CodeIgniter\View\View->CodeIgniter\View\{closure}()
 7 SYSTEMPATH\Common.php(1167): CodeIgniter\View\View->render('user\\list', [], true)
 8 APPPATH\Controllers\UserController.php(27): view('user\\list', [...])
 9 SYSTEMPATH\CodeIgniter.php(933): App\Controllers\UserController->user_list()
10 SYSTEMPATH\CodeIgniter.php(507): CodeIgniter\CodeIgniter->runController(Object(App\Controllers\UserController))
11 SYSTEMPATH\CodeIgniter.php(354): CodeIgniter\CodeIgniter->handleRequest(null, Object(Config\Cache), false)
12 SYSTEMPATH\Boot.php(363): CodeIgniter\CodeIgniter->run()
13 SYSTEMPATH\Boot.php(68): CodeIgniter\Boot::runCodeIgniter(Object(CodeIgniter\CodeIgniter))
14 FCPATH\index.php(59): CodeIgniter\Boot::bootWeb(Object(Config\Paths))
DEBUG - 2025-11-09 16:44:52 --> Session: Class initialized using 'CodeIgniter\Session\Handlers\FileHandler' driver.
DEBUG - 2025-11-09 16:44:53 --> Session: Class initialized using 'CodeIgniter\Session\Handlers\FileHandler' driver.
WARNING - 2025-11-09 16:44:53 --> [DEPRECATED] Creation of dynamic property CodeIgniter\View\View::$common is deprecated in APPPATH\Views\sidebar.php on line 6.
 1 SYSTEMPATH\View\View.php(226): include('C:\\xampp\\htdocs\\finapp\\app\\Views\\sidebar.php')
 2 SYSTEMPATH\View\View.php(229): CodeIgniter\View\View->CodeIgniter\View\{closure}()
 3 SYSTEMPATH\Common.php(1167): CodeIgniter\View\View->render('sidebar', [], true)
 4 APPPATH\Views\user\list.php(278): view('sidebar')
 5 SYSTEMPATH\View\View.php(226): include('C:\\xampp\\htdocs\\finapp\\app\\Views\\user\\list.php')
 6 SYSTEMPATH\View\View.php(229): CodeIgniter\View\View->CodeIgniter\View\{closure}()
 7 SYSTEMPATH\Common.php(1167): CodeIgniter\View\View->render('user\\list', [], true)
 8 APPPATH\Controllers\UserController.php(27): view('user\\list', [...])
 9 SYSTEMPATH\CodeIgniter.php(933): App\Controllers\UserController->user_list()
10 SYSTEMPATH\CodeIgniter.php(507): CodeIgniter\CodeIgniter->runController(Object(App\Controllers\UserController))
11 SYSTEMPATH\CodeIgniter.php(354): CodeIgniter\CodeIgniter->handleRequest(null, Object(Config\Cache), false)
12 SYSTEMPATH\Boot.php(363): CodeIgniter\CodeIgniter->run()
13 SYSTEMPATH\Boot.php(68): CodeIgniter\Boot::runCodeIgniter(Object(CodeIgniter\CodeIgniter))
14 FCPATH\index.php(59): CodeIgniter\Boot::bootWeb(Object(Config\Paths))
DEBUG - 2025-11-09 22:18:45 --> Session: Class initialized using 'CodeIgniter\Session\Handlers\FileHandler' driver.
DEBUG - 2025-11-09 16:48:45 --> Session: Class initialized using 'CodeIgniter\Session\Handlers\FileHandler' driver.
WARNING - 2025-11-09 22:18:46 --> [DEPRECATED] Creation of dynamic property CodeIgniter\View\View::$common is deprecated in APPPATH\Views\sidebar.php on line 6.
 1 SYSTEMPATH\View\View.php(226): include('C:\\xampp\\htdocs\\finapp\\app\\Views\\sidebar.php')
 2 SYSTEMPATH\View\View.php(229): CodeIgniter\View\View->CodeIgniter\View\{closure}()
 3 SYSTEMPATH\Common.php(1167): CodeIgniter\View\View->render('sidebar', [], true)
 4 APPPATH\Views\index.php(563): view('sidebar')
 5 SYSTEMPATH\View\View.php(226): include('C:\\xampp\\htdocs\\finapp\\app\\Views\\index.php')
 6 SYSTEMPATH\View\View.php(229): CodeIgniter\View\View->CodeIgniter\View\{closure}()
 7 SYSTEMPATH\Common.php(1167): CodeIgniter\View\View->render('index', [], true)
 8 APPPATH\Controllers\Home.php(50): view('index', [...])
 9 SYSTEMPATH\CodeIgniter.php(933): App\Controllers\Home->index()
10 SYSTEMPATH\CodeIgniter.php(507): CodeIgniter\CodeIgniter->runController(Object(App\Controllers\Home))
11 SYSTEMPATH\CodeIgniter.php(354): CodeIgniter\CodeIgniter->handleRequest(null, Object(Config\Cache), false)
12 SYSTEMPATH\Boot.php(363): CodeIgniter\CodeIgniter->run()
13 SYSTEMPATH\Boot.php(68): CodeIgniter\Boot::runCodeIgniter(Object(CodeIgniter\CodeIgniter))
14 FCPATH\index.php(59): CodeIgniter\Boot::bootWeb(Object(Config\Paths))
DEBUG - 2025-11-09 16:48:49 --> Session: Class initialized using 'CodeIgniter\Session\Handlers\FileHandler' driver.
WARNING - 2025-11-09 22:18:49 --> [DEPRECATED] Creation of dynamic property CodeIgniter\View\View::$common is deprecated in APPPATH\Views\sidebar.php on line 6.
 1 SYSTEMPATH\View\View.php(226): include('C:\\xampp\\htdocs\\finapp\\app\\Views\\sidebar.php')
 2 SYSTEMPATH\View\View.php(229): CodeIgniter\View\View->CodeIgniter\View\{closure}()
 3 SYSTEMPATH\Common.php(1167): CodeIgniter\View\View->render('sidebar', [], true)
 4 APPPATH\Views\index.php(563): view('sidebar')
 5 SYSTEMPATH\View\View.php(226): include('C:\\xampp\\htdocs\\finapp\\app\\Views\\index.php')
 6 SYSTEMPATH\View\View.php(229): CodeIgniter\View\View->CodeIgniter\View\{closure}()
 7 SYSTEMPATH\Common.php(1167): CodeIgniter\View\View->render('index', [], true)
 8 APPPATH\Controllers\Home.php(50): view('index', [...])
 9 SYSTEMPATH\CodeIgniter.php(933): App\Controllers\Home->index()
10 SYSTEMPATH\CodeIgniter.php(507): CodeIgniter\CodeIgniter->runController(Object(App\Controllers\Home))
11 SYSTEMPATH\CodeIgniter.php(354): CodeIgniter\CodeIgniter->handleRequest(null, Object(Config\Cache), false)
12 SYSTEMPATH\Boot.php(363): CodeIgniter\CodeIgniter->run()
13 SYSTEMPATH\Boot.php(68): CodeIgniter\Boot::runCodeIgniter(Object(CodeIgniter\CodeIgniter))
14 FCPATH\index.php(59): CodeIgniter\Boot::bootWeb(Object(Config\Paths))
DEBUG - 2025-11-09 16:51:50 --> Session: Class initialized using 'CodeIgniter\Session\Handlers\FileHandler' driver.
DEBUG - 2025-11-09 16:51:58 --> Session: Class initialized using 'CodeIgniter\Session\Handlers\FileHandler' driver.
WARNING - 2025-11-09 22:21:58 --> [DEPRECATED] Creation of dynamic property CodeIgniter\View\View::$common is deprecated in APPPATH\Views\sidebar.php on line 6.
 1 SYSTEMPATH\View\View.php(226): include('C:\\xampp\\htdocs\\finapp\\app\\Views\\sidebar.php')
 2 SYSTEMPATH\View\View.php(229): CodeIgniter\View\View->CodeIgniter\View\{closure}()
 3 SYSTEMPATH\Common.php(1167): CodeIgniter\View\View->render('sidebar', [], true)
 4 APPPATH\Views\index.php(563): view('sidebar')
 5 SYSTEMPATH\View\View.php(226): include('C:\\xampp\\htdocs\\finapp\\app\\Views\\index.php')
 6 SYSTEMPATH\View\View.php(229): CodeIgniter\View\View->CodeIgniter\View\{closure}()
 7 SYSTEMPATH\Common.php(1167): CodeIgniter\View\View->render('index', [], true)
 8 APPPATH\Controllers\Home.php(50): view('index', [...])
 9 SYSTEMPATH\CodeIgniter.php(933): App\Controllers\Home->index()
10 SYSTEMPATH\CodeIgniter.php(507): CodeIgniter\CodeIgniter->runController(Object(App\Controllers\Home))
11 SYSTEMPATH\CodeIgniter.php(354): CodeIgniter\CodeIgniter->handleRequest(null, Object(Config\Cache), false)
12 SYSTEMPATH\Boot.php(363): CodeIgniter\CodeIgniter->run()
13 SYSTEMPATH\Boot.php(68): CodeIgniter\Boot::runCodeIgniter(Object(CodeIgniter\CodeIgniter))
14 FCPATH\index.php(59): CodeIgniter\Boot::bootWeb(Object(Config\Paths))
