DEBUG - 2025-12-02 04:49:29 --> Session: Class initialized using 'CodeIgniter\Session\Handlers\FileHandler' driver.
DEBUG - 2025-12-02 10:19:31 --> Session: Class initialized using 'CodeIgniter\Session\Handlers\FileHandler' driver.
DEBUG - 2025-12-02 10:19:50 --> Session: Class initialized using 'CodeIgniter\Session\Handlers\FileHandler' driver.
DEBUG - 2025-12-02 04:49:50 --> Session: Class initialized using 'CodeIgniter\Session\Handlers\FileHandler' driver.
WARNING - 2025-12-02 10:19:51 --> [DEPRECATED] Creation of dynamic property CodeIgniter\View\View::$common is deprecated in APPPATH\Views\sidebar.php on line 6.
 1 SYSTEMPATH\View\View.php(226): include('C:\\xampp\\htdocs\\finapp\\app\\Views\\sidebar.php')
 2 SYSTEMPATH\View\View.php(229): CodeIgniter\View\View->CodeIgniter\View\{closure}()
 3 SYSTEMPATH\Common.php(1167): CodeIgniter\View\View->render('sidebar', [], true)
 4 APPPATH\Views\index.php(352): view('sidebar')
 5 SYSTEMPATH\View\View.php(226): include('C:\\xampp\\htdocs\\finapp\\app\\Views\\index.php')
 6 SYSTEMPATH\View\View.php(229): CodeIgniter\View\View->CodeIgniter\View\{closure}()
 7 SYSTEMPATH\Common.php(1167): CodeIgniter\View\View->render('index', [], true)
 8 APPPATH\Controllers\Home.php(110): view('index', [...])
 9 SYSTEMPATH\CodeIgniter.php(933): App\Controllers\Home->index()
10 SYSTEMPATH\CodeIgniter.php(507): CodeIgniter\CodeIgniter->runController(Object(App\Controllers\Home))
11 SYSTEMPATH\CodeIgniter.php(354): CodeIgniter\CodeIgniter->handleRequest(null, Object(Config\Cache), false)
12 SYSTEMPATH\Boot.php(363): CodeIgniter\CodeIgniter->run()
13 SYSTEMPATH\Boot.php(68): CodeIgniter\Boot::runCodeIgniter(Object(CodeIgniter\CodeIgniter))
14 FCPATH\index.php(59): CodeIgniter\Boot::bootWeb(Object(Config\Paths))
DEBUG - 2025-12-02 04:49:56 --> Session: Class initialized using 'CodeIgniter\Session\Handlers\FileHandler' driver.
WARNING - 2025-12-02 04:49:56 --> [DEPRECATED] Creation of dynamic property CodeIgniter\View\View::$common is deprecated in APPPATH\Views\sidebar.php on line 6.
 1 SYSTEMPATH\View\View.php(226): include('C:\\xampp\\htdocs\\finapp\\app\\Views\\sidebar.php')
 2 SYSTEMPATH\View\View.php(229): CodeIgniter\View\View->CodeIgniter\View\{closure}()
 3 SYSTEMPATH\Common.php(1167): CodeIgniter\View\View->render('sidebar', [], true)
 4 APPPATH\Views\user\list.php(55): view('sidebar')
 5 SYSTEMPATH\View\View.php(226): include('C:\\xampp\\htdocs\\finapp\\app\\Views\\user\\list.php')
 6 SYSTEMPATH\View\View.php(229): CodeIgniter\View\View->CodeIgniter\View\{closure}()
 7 SYSTEMPATH\Common.php(1167): CodeIgniter\View\View->render('user/list', [], true)
 8 APPPATH\Controllers\UserController.php(20): view('user/list')
 9 SYSTEMPATH\CodeIgniter.php(933): App\Controllers\UserController->user_list()
10 SYSTEMPATH\CodeIgniter.php(507): CodeIgniter\CodeIgniter->runController(Object(App\Controllers\UserController))
11 SYSTEMPATH\CodeIgniter.php(354): CodeIgniter\CodeIgniter->handleRequest(null, Object(Config\Cache), false)
12 SYSTEMPATH\Boot.php(363): CodeIgniter\CodeIgniter->run()
13 SYSTEMPATH\Boot.php(68): CodeIgniter\Boot::runCodeIgniter(Object(CodeIgniter\CodeIgniter))
14 FCPATH\index.php(59): CodeIgniter\Boot::bootWeb(Object(Config\Paths))
DEBUG - 2025-12-02 04:49:56 --> Session: Class initialized using 'CodeIgniter\Session\Handlers\FileHandler' driver.
WARNING - 2025-12-02 04:49:56 --> [DEPRECATED] Creation of dynamic property CodeIgniter\View\View::$common is deprecated in APPPATH\Views\sidebar.php on line 6.
 1 SYSTEMPATH\View\View.php(226): include('C:\\xampp\\htdocs\\finapp\\app\\Views\\sidebar.php')
 2 SYSTEMPATH\View\View.php(229): CodeIgniter\View\View->CodeIgniter\View\{closure}()
 3 SYSTEMPATH\Common.php(1167): CodeIgniter\View\View->render('sidebar', [], true)
 4 APPPATH\Views\user\list.php(55): view('sidebar')
 5 SYSTEMPATH\View\View.php(226): include('C:\\xampp\\htdocs\\finapp\\app\\Views\\user\\list.php')
 6 SYSTEMPATH\View\View.php(229): CodeIgniter\View\View->CodeIgniter\View\{closure}()
 7 SYSTEMPATH\Common.php(1167): CodeIgniter\View\View->render('user/list', [], true)
 8 APPPATH\Controllers\UserController.php(20): view('user/list')
 9 SYSTEMPATH\CodeIgniter.php(933): App\Controllers\UserController->user_list()
10 SYSTEMPATH\CodeIgniter.php(507): CodeIgniter\CodeIgniter->runController(Object(App\Controllers\UserController))
11 SYSTEMPATH\CodeIgniter.php(354): CodeIgniter\CodeIgniter->handleRequest(null, Object(Config\Cache), false)
12 SYSTEMPATH\Boot.php(363): CodeIgniter\CodeIgniter->run()
13 SYSTEMPATH\Boot.php(68): CodeIgniter\Boot::runCodeIgniter(Object(CodeIgniter\CodeIgniter))
14 FCPATH\index.php(59): CodeIgniter\Boot::bootWeb(Object(Config\Paths))
DEBUG - 2025-12-02 04:49:56 --> Session: Class initialized using 'CodeIgniter\Session\Handlers\FileHandler' driver.
DEBUG - 2025-12-02 04:49:59 --> Session: Class initialized using 'CodeIgniter\Session\Handlers\FileHandler' driver.
DEBUG - 2025-12-02 04:50:02 --> Session: Class initialized using 'CodeIgniter\Session\Handlers\FileHandler' driver.
DEBUG - 2025-12-02 04:50:03 --> Session: Class initialized using 'CodeIgniter\Session\Handlers\FileHandler' driver.
DEBUG - 2025-12-02 04:50:09 --> Session: Class initialized using 'CodeIgniter\Session\Handlers\FileHandler' driver.
DEBUG - 2025-12-02 04:50:09 --> Session: Class initialized using 'CodeIgniter\Session\Handlers\FileHandler' driver.
WARNING - 2025-12-02 04:50:09 --> [DEPRECATED] Creation of dynamic property CodeIgniter\View\View::$common is deprecated in APPPATH\Views\sidebar.php on line 6.
 1 SYSTEMPATH\View\View.php(226): include('C:\\xampp\\htdocs\\finapp\\app\\Views\\sidebar.php')
 2 SYSTEMPATH\View\View.php(229): CodeIgniter\View\View->CodeIgniter\View\{closure}()
 3 SYSTEMPATH\Common.php(1167): CodeIgniter\View\View->render('sidebar', [], true)
 4 APPPATH\Views\user\list.php(55): view('sidebar')
 5 SYSTEMPATH\View\View.php(226): include('C:\\xampp\\htdocs\\finapp\\app\\Views\\user\\list.php')
 6 SYSTEMPATH\View\View.php(229): CodeIgniter\View\View->CodeIgniter\View\{closure}()
 7 SYSTEMPATH\Common.php(1167): CodeIgniter\View\View->render('user/list', [], true)
 8 APPPATH\Controllers\UserController.php(20): view('user/list')
 9 SYSTEMPATH\CodeIgniter.php(933): App\Controllers\UserController->user_list()
10 SYSTEMPATH\CodeIgniter.php(507): CodeIgniter\CodeIgniter->runController(Object(App\Controllers\UserController))
11 SYSTEMPATH\CodeIgniter.php(354): CodeIgniter\CodeIgniter->handleRequest(null, Object(Config\Cache), false)
12 SYSTEMPATH\Boot.php(363): CodeIgniter\CodeIgniter->run()
13 SYSTEMPATH\Boot.php(68): CodeIgniter\Boot::runCodeIgniter(Object(CodeIgniter\CodeIgniter))
14 FCPATH\index.php(59): CodeIgniter\Boot::bootWeb(Object(Config\Paths))
DEBUG - 2025-12-02 04:50:10 --> Session: Class initialized using 'CodeIgniter\Session\Handlers\FileHandler' driver.
WARNING - 2025-12-02 04:50:10 --> [DEPRECATED] Creation of dynamic property CodeIgniter\View\View::$common is deprecated in APPPATH\Views\sidebar.php on line 6.
 1 SYSTEMPATH\View\View.php(226): include('C:\\xampp\\htdocs\\finapp\\app\\Views\\sidebar.php')
 2 SYSTEMPATH\View\View.php(229): CodeIgniter\View\View->CodeIgniter\View\{closure}()
 3 SYSTEMPATH\Common.php(1167): CodeIgniter\View\View->render('sidebar', [], true)
 4 APPPATH\Views\user\list.php(55): view('sidebar')
 5 SYSTEMPATH\View\View.php(226): include('C:\\xampp\\htdocs\\finapp\\app\\Views\\user\\list.php')
 6 SYSTEMPATH\View\View.php(229): CodeIgniter\View\View->CodeIgniter\View\{closure}()
 7 SYSTEMPATH\Common.php(1167): CodeIgniter\View\View->render('user/list', [], true)
 8 APPPATH\Controllers\UserController.php(20): view('user/list')
 9 SYSTEMPATH\CodeIgniter.php(933): App\Controllers\UserController->user_list()
10 SYSTEMPATH\CodeIgniter.php(507): CodeIgniter\CodeIgniter->runController(Object(App\Controllers\UserController))
11 SYSTEMPATH\CodeIgniter.php(354): CodeIgniter\CodeIgniter->handleRequest(null, Object(Config\Cache), false)
12 SYSTEMPATH\Boot.php(363): CodeIgniter\CodeIgniter->run()
13 SYSTEMPATH\Boot.php(68): CodeIgniter\Boot::runCodeIgniter(Object(CodeIgniter\CodeIgniter))
14 FCPATH\index.php(59): CodeIgniter\Boot::bootWeb(Object(Config\Paths))
DEBUG - 2025-12-02 04:50:10 --> Session: Class initialized using 'CodeIgniter\Session\Handlers\FileHandler' driver.
DEBUG - 2025-12-02 04:50:15 --> Session: Class initialized using 'CodeIgniter\Session\Handlers\FileHandler' driver.
DEBUG - 2025-12-02 04:50:18 --> Session: Class initialized using 'CodeIgniter\Session\Handlers\FileHandler' driver.
WARNING - 2025-12-02 04:50:18 --> [DEPRECATED] Creation of dynamic property CodeIgniter\View\View::$common is deprecated in APPPATH\Views\sidebar.php on line 6.
 1 SYSTEMPATH\View\View.php(226): include('C:\\xampp\\htdocs\\finapp\\app\\Views\\sidebar.php')
 2 SYSTEMPATH\View\View.php(229): CodeIgniter\View\View->CodeIgniter\View\{closure}()
 3 SYSTEMPATH\Common.php(1167): CodeIgniter\View\View->render('sidebar', [], true)
 4 APPPATH\Views\user\list.php(55): view('sidebar')
 5 SYSTEMPATH\View\View.php(226): include('C:\\xampp\\htdocs\\finapp\\app\\Views\\user\\list.php')
 6 SYSTEMPATH\View\View.php(229): CodeIgniter\View\View->CodeIgniter\View\{closure}()
 7 SYSTEMPATH\Common.php(1167): CodeIgniter\View\View->render('user/list', [], true)
 8 APPPATH\Controllers\UserController.php(20): view('user/list')
 9 SYSTEMPATH\CodeIgniter.php(933): App\Controllers\UserController->user_list()
10 SYSTEMPATH\CodeIgniter.php(507): CodeIgniter\CodeIgniter->runController(Object(App\Controllers\UserController))
11 SYSTEMPATH\CodeIgniter.php(354): CodeIgniter\CodeIgniter->handleRequest(null, Object(Config\Cache), false)
12 SYSTEMPATH\Boot.php(363): CodeIgniter\CodeIgniter->run()
13 SYSTEMPATH\Boot.php(68): CodeIgniter\Boot::runCodeIgniter(Object(CodeIgniter\CodeIgniter))
14 FCPATH\index.php(59): CodeIgniter\Boot::bootWeb(Object(Config\Paths))
DEBUG - 2025-12-02 04:50:18 --> Session: Class initialized using 'CodeIgniter\Session\Handlers\FileHandler' driver.
WARNING - 2025-12-02 04:50:18 --> [DEPRECATED] Creation of dynamic property CodeIgniter\View\View::$common is deprecated in APPPATH\Views\sidebar.php on line 6.
 1 SYSTEMPATH\View\View.php(226): include('C:\\xampp\\htdocs\\finapp\\app\\Views\\sidebar.php')
 2 SYSTEMPATH\View\View.php(229): CodeIgniter\View\View->CodeIgniter\View\{closure}()
 3 SYSTEMPATH\Common.php(1167): CodeIgniter\View\View->render('sidebar', [], true)
 4 APPPATH\Views\user\list.php(55): view('sidebar')
 5 SYSTEMPATH\View\View.php(226): include('C:\\xampp\\htdocs\\finapp\\app\\Views\\user\\list.php')
 6 SYSTEMPATH\View\View.php(229): CodeIgniter\View\View->CodeIgniter\View\{closure}()
 7 SYSTEMPATH\Common.php(1167): CodeIgniter\View\View->render('user/list', [], true)
 8 APPPATH\Controllers\UserController.php(20): view('user/list')
 9 SYSTEMPATH\CodeIgniter.php(933): App\Controllers\UserController->user_list()
10 SYSTEMPATH\CodeIgniter.php(507): CodeIgniter\CodeIgniter->runController(Object(App\Controllers\UserController))
11 SYSTEMPATH\CodeIgniter.php(354): CodeIgniter\CodeIgniter->handleRequest(null, Object(Config\Cache), false)
12 SYSTEMPATH\Boot.php(363): CodeIgniter\CodeIgniter->run()
13 SYSTEMPATH\Boot.php(68): CodeIgniter\Boot::runCodeIgniter(Object(CodeIgniter\CodeIgniter))
14 FCPATH\index.php(59): CodeIgniter\Boot::bootWeb(Object(Config\Paths))
DEBUG - 2025-12-02 04:50:18 --> Session: Class initialized using 'CodeIgniter\Session\Handlers\FileHandler' driver.
DEBUG - 2025-12-02 04:50:19 --> Session: Class initialized using 'CodeIgniter\Session\Handlers\FileHandler' driver.
DEBUG - 2025-12-02 04:50:30 --> Session: Class initialized using 'CodeIgniter\Session\Handlers\FileHandler' driver.
DEBUG - 2025-12-02 04:50:30 --> Session: Class initialized using 'CodeIgniter\Session\Handlers\FileHandler' driver.
DEBUG - 2025-12-02 04:50:40 --> Session: Class initialized using 'CodeIgniter\Session\Handlers\FileHandler' driver.
DEBUG - 2025-12-02 04:50:41 --> Session: Class initialized using 'CodeIgniter\Session\Handlers\FileHandler' driver.
WARNING - 2025-12-02 04:50:41 --> [DEPRECATED] Creation of dynamic property CodeIgniter\View\View::$common is deprecated in APPPATH\Views\sidebar.php on line 6.
 1 SYSTEMPATH\View\View.php(226): include('C:\\xampp\\htdocs\\finapp\\app\\Views\\sidebar.php')
 2 SYSTEMPATH\View\View.php(229): CodeIgniter\View\View->CodeIgniter\View\{closure}()
 3 SYSTEMPATH\Common.php(1167): CodeIgniter\View\View->render('sidebar', [], true)
 4 APPPATH\Views\user\list.php(55): view('sidebar')
 5 SYSTEMPATH\View\View.php(226): include('C:\\xampp\\htdocs\\finapp\\app\\Views\\user\\list.php')
 6 SYSTEMPATH\View\View.php(229): CodeIgniter\View\View->CodeIgniter\View\{closure}()
 7 SYSTEMPATH\Common.php(1167): CodeIgniter\View\View->render('user/list', [], true)
 8 APPPATH\Controllers\UserController.php(20): view('user/list')
 9 SYSTEMPATH\CodeIgniter.php(933): App\Controllers\UserController->user_list()
10 SYSTEMPATH\CodeIgniter.php(507): CodeIgniter\CodeIgniter->runController(Object(App\Controllers\UserController))
11 SYSTEMPATH\CodeIgniter.php(354): CodeIgniter\CodeIgniter->handleRequest(null, Object(Config\Cache), false)
12 SYSTEMPATH\Boot.php(363): CodeIgniter\CodeIgniter->run()
13 SYSTEMPATH\Boot.php(68): CodeIgniter\Boot::runCodeIgniter(Object(CodeIgniter\CodeIgniter))
14 FCPATH\index.php(59): CodeIgniter\Boot::bootWeb(Object(Config\Paths))
DEBUG - 2025-12-02 04:50:41 --> Session: Class initialized using 'CodeIgniter\Session\Handlers\FileHandler' driver.
DEBUG - 2025-12-02 04:50:41 --> Session: Class initialized using 'CodeIgniter\Session\Handlers\FileHandler' driver.
WARNING - 2025-12-02 04:50:41 --> [DEPRECATED] Creation of dynamic property CodeIgniter\View\View::$common is deprecated in APPPATH\Views\sidebar.php on line 6.
 1 SYSTEMPATH\View\View.php(226): include('C:\\xampp\\htdocs\\finapp\\app\\Views\\sidebar.php')
 2 SYSTEMPATH\View\View.php(229): CodeIgniter\View\View->CodeIgniter\View\{closure}()
 3 SYSTEMPATH\Common.php(1167): CodeIgniter\View\View->render('sidebar', [], true)
 4 APPPATH\Views\user\list.php(55): view('sidebar')
 5 SYSTEMPATH\View\View.php(226): include('C:\\xampp\\htdocs\\finapp\\app\\Views\\user\\list.php')
 6 SYSTEMPATH\View\View.php(229): CodeIgniter\View\View->CodeIgniter\View\{closure}()
 7 SYSTEMPATH\Common.php(1167): CodeIgniter\View\View->render('user/list', [], true)
 8 APPPATH\Controllers\UserController.php(20): view('user/list')
 9 SYSTEMPATH\CodeIgniter.php(933): App\Controllers\UserController->user_list()
10 SYSTEMPATH\CodeIgniter.php(507): CodeIgniter\CodeIgniter->runController(Object(App\Controllers\UserController))
11 SYSTEMPATH\CodeIgniter.php(354): CodeIgniter\CodeIgniter->handleRequest(null, Object(Config\Cache), false)
12 SYSTEMPATH\Boot.php(363): CodeIgniter\CodeIgniter->run()
13 SYSTEMPATH\Boot.php(68): CodeIgniter\Boot::runCodeIgniter(Object(CodeIgniter\CodeIgniter))
14 FCPATH\index.php(59): CodeIgniter\Boot::bootWeb(Object(Config\Paths))
DEBUG - 2025-12-02 04:53:18 --> Session: Class initialized using 'CodeIgniter\Session\Handlers\FileHandler' driver.
WARNING - 2025-12-02 04:53:18 --> [DEPRECATED] Creation of dynamic property CodeIgniter\View\View::$common is deprecated in APPPATH\Views\sidebar.php on line 6.
 1 SYSTEMPATH\View\View.php(226): include('C:\\xampp\\htdocs\\finapp\\app\\Views\\sidebar.php')
 2 SYSTEMPATH\View\View.php(229): CodeIgniter\View\View->CodeIgniter\View\{closure}()
 3 SYSTEMPATH\Common.php(1167): CodeIgniter\View\View->render('sidebar', [], true)
 4 APPPATH\Views\user\list.php(55): view('sidebar')
 5 SYSTEMPATH\View\View.php(226): include('C:\\xampp\\htdocs\\finapp\\app\\Views\\user\\list.php')
 6 SYSTEMPATH\View\View.php(229): CodeIgniter\View\View->CodeIgniter\View\{closure}()
 7 SYSTEMPATH\Common.php(1167): CodeIgniter\View\View->render('user/list', [], true)
 8 APPPATH\Controllers\UserController.php(20): view('user/list')
 9 SYSTEMPATH\CodeIgniter.php(933): App\Controllers\UserController->user_list()
10 SYSTEMPATH\CodeIgniter.php(507): CodeIgniter\CodeIgniter->runController(Object(App\Controllers\UserController))
11 SYSTEMPATH\CodeIgniter.php(354): CodeIgniter\CodeIgniter->handleRequest(null, Object(Config\Cache), false)
12 SYSTEMPATH\Boot.php(363): CodeIgniter\CodeIgniter->run()
13 SYSTEMPATH\Boot.php(68): CodeIgniter\Boot::runCodeIgniter(Object(CodeIgniter\CodeIgniter))
14 FCPATH\index.php(59): CodeIgniter\Boot::bootWeb(Object(Config\Paths))
DEBUG - 2025-12-02 04:53:18 --> Session: Class initialized using 'CodeIgniter\Session\Handlers\FileHandler' driver.
DEBUG - 2025-12-02 04:53:18 --> Session: Class initialized using 'CodeIgniter\Session\Handlers\FileHandler' driver.
WARNING - 2025-12-02 04:53:18 --> [DEPRECATED] Creation of dynamic property CodeIgniter\View\View::$common is deprecated in APPPATH\Views\sidebar.php on line 6.
 1 SYSTEMPATH\View\View.php(226): include('C:\\xampp\\htdocs\\finapp\\app\\Views\\sidebar.php')
 2 SYSTEMPATH\View\View.php(229): CodeIgniter\View\View->CodeIgniter\View\{closure}()
 3 SYSTEMPATH\Common.php(1167): CodeIgniter\View\View->render('sidebar', [], true)
 4 APPPATH\Views\user\list.php(55): view('sidebar')
 5 SYSTEMPATH\View\View.php(226): include('C:\\xampp\\htdocs\\finapp\\app\\Views\\user\\list.php')
 6 SYSTEMPATH\View\View.php(229): CodeIgniter\View\View->CodeIgniter\View\{closure}()
 7 SYSTEMPATH\Common.php(1167): CodeIgniter\View\View->render('user/list', [], true)
 8 APPPATH\Controllers\UserController.php(20): view('user/list')
 9 SYSTEMPATH\CodeIgniter.php(933): App\Controllers\UserController->user_list()
10 SYSTEMPATH\CodeIgniter.php(507): CodeIgniter\CodeIgniter->runController(Object(App\Controllers\UserController))
11 SYSTEMPATH\CodeIgniter.php(354): CodeIgniter\CodeIgniter->handleRequest(null, Object(Config\Cache), false)
12 SYSTEMPATH\Boot.php(363): CodeIgniter\CodeIgniter->run()
13 SYSTEMPATH\Boot.php(68): CodeIgniter\Boot::runCodeIgniter(Object(CodeIgniter\CodeIgniter))
14 FCPATH\index.php(59): CodeIgniter\Boot::bootWeb(Object(Config\Paths))
DEBUG - 2025-12-02 04:53:22 --> Session: Class initialized using 'CodeIgniter\Session\Handlers\FileHandler' driver.
DEBUG - 2025-12-02 04:53:26 --> Session: Class initialized using 'CodeIgniter\Session\Handlers\FileHandler' driver.
DEBUG - 2025-12-02 04:54:09 --> Session: Class initialized using 'CodeIgniter\Session\Handlers\FileHandler' driver.
WARNING - 2025-12-02 04:54:09 --> [DEPRECATED] Creation of dynamic property CodeIgniter\View\View::$common is deprecated in APPPATH\Views\sidebar.php on line 6.
 1 SYSTEMPATH\View\View.php(226): include('C:\\xampp\\htdocs\\finapp\\app\\Views\\sidebar.php')
 2 SYSTEMPATH\View\View.php(229): CodeIgniter\View\View->CodeIgniter\View\{closure}()
 3 SYSTEMPATH\Common.php(1167): CodeIgniter\View\View->render('sidebar', [], true)
 4 APPPATH\Views\user\list.php(55): view('sidebar')
 5 SYSTEMPATH\View\View.php(226): include('C:\\xampp\\htdocs\\finapp\\app\\Views\\user\\list.php')
 6 SYSTEMPATH\View\View.php(229): CodeIgniter\View\View->CodeIgniter\View\{closure}()
 7 SYSTEMPATH\Common.php(1167): CodeIgniter\View\View->render('user/list', [], true)
 8 APPPATH\Controllers\UserController.php(20): view('user/list')
 9 SYSTEMPATH\CodeIgniter.php(933): App\Controllers\UserController->user_list()
10 SYSTEMPATH\CodeIgniter.php(507): CodeIgniter\CodeIgniter->runController(Object(App\Controllers\UserController))
11 SYSTEMPATH\CodeIgniter.php(354): CodeIgniter\CodeIgniter->handleRequest(null, Object(Config\Cache), false)
12 SYSTEMPATH\Boot.php(363): CodeIgniter\CodeIgniter->run()
13 SYSTEMPATH\Boot.php(68): CodeIgniter\Boot::runCodeIgniter(Object(CodeIgniter\CodeIgniter))
14 FCPATH\index.php(59): CodeIgniter\Boot::bootWeb(Object(Config\Paths))
DEBUG - 2025-12-02 04:54:09 --> Session: Class initialized using 'CodeIgniter\Session\Handlers\FileHandler' driver.
WARNING - 2025-12-02 04:54:09 --> [DEPRECATED] Creation of dynamic property CodeIgniter\View\View::$common is deprecated in APPPATH\Views\sidebar.php on line 6.
 1 SYSTEMPATH\View\View.php(226): include('C:\\xampp\\htdocs\\finapp\\app\\Views\\sidebar.php')
 2 SYSTEMPATH\View\View.php(229): CodeIgniter\View\View->CodeIgniter\View\{closure}()
 3 SYSTEMPATH\Common.php(1167): CodeIgniter\View\View->render('sidebar', [], true)
 4 APPPATH\Views\user\list.php(55): view('sidebar')
 5 SYSTEMPATH\View\View.php(226): include('C:\\xampp\\htdocs\\finapp\\app\\Views\\user\\list.php')
 6 SYSTEMPATH\View\View.php(229): CodeIgniter\View\View->CodeIgniter\View\{closure}()
 7 SYSTEMPATH\Common.php(1167): CodeIgniter\View\View->render('user/list', [], true)
 8 APPPATH\Controllers\UserController.php(20): view('user/list')
 9 SYSTEMPATH\CodeIgniter.php(933): App\Controllers\UserController->user_list()
10 SYSTEMPATH\CodeIgniter.php(507): CodeIgniter\CodeIgniter->runController(Object(App\Controllers\UserController))
11 SYSTEMPATH\CodeIgniter.php(354): CodeIgniter\CodeIgniter->handleRequest(null, Object(Config\Cache), false)
12 SYSTEMPATH\Boot.php(363): CodeIgniter\CodeIgniter->run()
13 SYSTEMPATH\Boot.php(68): CodeIgniter\Boot::runCodeIgniter(Object(CodeIgniter\CodeIgniter))
14 FCPATH\index.php(59): CodeIgniter\Boot::bootWeb(Object(Config\Paths))
DEBUG - 2025-12-02 04:54:09 --> Session: Class initialized using 'CodeIgniter\Session\Handlers\FileHandler' driver.
DEBUG - 2025-12-02 04:54:10 --> Session: Class initialized using 'CodeIgniter\Session\Handlers\FileHandler' driver.
DEBUG - 2025-12-02 04:54:21 --> Session: Class initialized using 'CodeIgniter\Session\Handlers\FileHandler' driver.
DEBUG - 2025-12-02 04:54:21 --> Session: Class initialized using 'CodeIgniter\Session\Handlers\FileHandler' driver.
DEBUG - 2025-12-02 04:54:28 --> Session: Class initialized using 'CodeIgniter\Session\Handlers\FileHandler' driver.
DEBUG - 2025-12-02 04:54:28 --> Session: Class initialized using 'CodeIgniter\Session\Handlers\FileHandler' driver.
WARNING - 2025-12-02 04:54:28 --> [DEPRECATED] Creation of dynamic property CodeIgniter\View\View::$common is deprecated in APPPATH\Views\sidebar.php on line 6.
 1 SYSTEMPATH\View\View.php(226): include('C:\\xampp\\htdocs\\finapp\\app\\Views\\sidebar.php')
 2 SYSTEMPATH\View\View.php(229): CodeIgniter\View\View->CodeIgniter\View\{closure}()
 3 SYSTEMPATH\Common.php(1167): CodeIgniter\View\View->render('sidebar', [], true)
 4 APPPATH\Views\user\list.php(55): view('sidebar')
 5 SYSTEMPATH\View\View.php(226): include('C:\\xampp\\htdocs\\finapp\\app\\Views\\user\\list.php')
 6 SYSTEMPATH\View\View.php(229): CodeIgniter\View\View->CodeIgniter\View\{closure}()
 7 SYSTEMPATH\Common.php(1167): CodeIgniter\View\View->render('user/list', [], true)
 8 APPPATH\Controllers\UserController.php(20): view('user/list')
 9 SYSTEMPATH\CodeIgniter.php(933): App\Controllers\UserController->user_list()
10 SYSTEMPATH\CodeIgniter.php(507): CodeIgniter\CodeIgniter->runController(Object(App\Controllers\UserController))
11 SYSTEMPATH\CodeIgniter.php(354): CodeIgniter\CodeIgniter->handleRequest(null, Object(Config\Cache), false)
12 SYSTEMPATH\Boot.php(363): CodeIgniter\CodeIgniter->run()
13 SYSTEMPATH\Boot.php(68): CodeIgniter\Boot::runCodeIgniter(Object(CodeIgniter\CodeIgniter))
14 FCPATH\index.php(59): CodeIgniter\Boot::bootWeb(Object(Config\Paths))
DEBUG - 2025-12-02 04:54:28 --> Session: Class initialized using 'CodeIgniter\Session\Handlers\FileHandler' driver.
WARNING - 2025-12-02 04:54:28 --> [DEPRECATED] Creation of dynamic property CodeIgniter\View\View::$common is deprecated in APPPATH\Views\sidebar.php on line 6.
 1 SYSTEMPATH\View\View.php(226): include('C:\\xampp\\htdocs\\finapp\\app\\Views\\sidebar.php')
 2 SYSTEMPATH\View\View.php(229): CodeIgniter\View\View->CodeIgniter\View\{closure}()
 3 SYSTEMPATH\Common.php(1167): CodeIgniter\View\View->render('sidebar', [], true)
 4 APPPATH\Views\user\list.php(55): view('sidebar')
 5 SYSTEMPATH\View\View.php(226): include('C:\\xampp\\htdocs\\finapp\\app\\Views\\user\\list.php')
 6 SYSTEMPATH\View\View.php(229): CodeIgniter\View\View->CodeIgniter\View\{closure}()
 7 SYSTEMPATH\Common.php(1167): CodeIgniter\View\View->render('user/list', [], true)
 8 APPPATH\Controllers\UserController.php(20): view('user/list')
 9 SYSTEMPATH\CodeIgniter.php(933): App\Controllers\UserController->user_list()
10 SYSTEMPATH\CodeIgniter.php(507): CodeIgniter\CodeIgniter->runController(Object(App\Controllers\UserController))
11 SYSTEMPATH\CodeIgniter.php(354): CodeIgniter\CodeIgniter->handleRequest(null, Object(Config\Cache), false)
12 SYSTEMPATH\Boot.php(363): CodeIgniter\CodeIgniter->run()
13 SYSTEMPATH\Boot.php(68): CodeIgniter\Boot::runCodeIgniter(Object(CodeIgniter\CodeIgniter))
14 FCPATH\index.php(59): CodeIgniter\Boot::bootWeb(Object(Config\Paths))
DEBUG - 2025-12-02 04:54:28 --> Session: Class initialized using 'CodeIgniter\Session\Handlers\FileHandler' driver.
DEBUG - 2025-12-02 04:54:33 --> Session: Class initialized using 'CodeIgniter\Session\Handlers\FileHandler' driver.
DEBUG - 2025-12-02 04:54:36 --> Session: Class initialized using 'CodeIgniter\Session\Handlers\FileHandler' driver.
DEBUG - 2025-12-02 04:56:43 --> Session: Class initialized using 'CodeIgniter\Session\Handlers\FileHandler' driver.
WARNING - 2025-12-02 04:56:43 --> [DEPRECATED] Creation of dynamic property CodeIgniter\View\View::$common is deprecated in APPPATH\Views\sidebar.php on line 6.
 1 SYSTEMPATH\View\View.php(226): include('C:\\xampp\\htdocs\\finapp\\app\\Views\\sidebar.php')
 2 SYSTEMPATH\View\View.php(229): CodeIgniter\View\View->CodeIgniter\View\{closure}()
 3 SYSTEMPATH\Common.php(1167): CodeIgniter\View\View->render('sidebar', [], true)
 4 APPPATH\Views\user\list.php(55): view('sidebar')
 5 SYSTEMPATH\View\View.php(226): include('C:\\xampp\\htdocs\\finapp\\app\\Views\\user\\list.php')
 6 SYSTEMPATH\View\View.php(229): CodeIgniter\View\View->CodeIgniter\View\{closure}()
 7 SYSTEMPATH\Common.php(1167): CodeIgniter\View\View->render('user/list', [], true)
 8 APPPATH\Controllers\UserController.php(20): view('user/list')
 9 SYSTEMPATH\CodeIgniter.php(933): App\Controllers\UserController->user_list()
10 SYSTEMPATH\CodeIgniter.php(507): CodeIgniter\CodeIgniter->runController(Object(App\Controllers\UserController))
11 SYSTEMPATH\CodeIgniter.php(354): CodeIgniter\CodeIgniter->handleRequest(null, Object(Config\Cache), false)
12 SYSTEMPATH\Boot.php(363): CodeIgniter\CodeIgniter->run()
13 SYSTEMPATH\Boot.php(68): CodeIgniter\Boot::runCodeIgniter(Object(CodeIgniter\CodeIgniter))
14 FCPATH\index.php(59): CodeIgniter\Boot::bootWeb(Object(Config\Paths))
DEBUG - 2025-12-02 04:56:44 --> Session: Class initialized using 'CodeIgniter\Session\Handlers\FileHandler' driver.
WARNING - 2025-12-02 04:56:44 --> [DEPRECATED] Creation of dynamic property CodeIgniter\View\View::$common is deprecated in APPPATH\Views\sidebar.php on line 6.
 1 SYSTEMPATH\View\View.php(226): include('C:\\xampp\\htdocs\\finapp\\app\\Views\\sidebar.php')
 2 SYSTEMPATH\View\View.php(229): CodeIgniter\View\View->CodeIgniter\View\{closure}()
 3 SYSTEMPATH\Common.php(1167): CodeIgniter\View\View->render('sidebar', [], true)
 4 APPPATH\Views\user\list.php(55): view('sidebar')
 5 SYSTEMPATH\View\View.php(226): include('C:\\xampp\\htdocs\\finapp\\app\\Views\\user\\list.php')
 6 SYSTEMPATH\View\View.php(229): CodeIgniter\View\View->CodeIgniter\View\{closure}()
 7 SYSTEMPATH\Common.php(1167): CodeIgniter\View\View->render('user/list', [], true)
 8 APPPATH\Controllers\UserController.php(20): view('user/list')
 9 SYSTEMPATH\CodeIgniter.php(933): App\Controllers\UserController->user_list()
10 SYSTEMPATH\CodeIgniter.php(507): CodeIgniter\CodeIgniter->runController(Object(App\Controllers\UserController))
11 SYSTEMPATH\CodeIgniter.php(354): CodeIgniter\CodeIgniter->handleRequest(null, Object(Config\Cache), false)
12 SYSTEMPATH\Boot.php(363): CodeIgniter\CodeIgniter->run()
13 SYSTEMPATH\Boot.php(68): CodeIgniter\Boot::runCodeIgniter(Object(CodeIgniter\CodeIgniter))
14 FCPATH\index.php(59): CodeIgniter\Boot::bootWeb(Object(Config\Paths))
DEBUG - 2025-12-02 04:56:44 --> Session: Class initialized using 'CodeIgniter\Session\Handlers\FileHandler' driver.
DEBUG - 2025-12-02 04:56:46 --> Session: Class initialized using 'CodeIgniter\Session\Handlers\FileHandler' driver.
DEBUG - 2025-12-02 04:56:49 --> Session: Class initialized using 'CodeIgniter\Session\Handlers\FileHandler' driver.
DEBUG - 2025-12-02 04:56:50 --> Session: Class initialized using 'CodeIgniter\Session\Handlers\FileHandler' driver.
DEBUG - 2025-12-02 04:57:04 --> Session: Class initialized using 'CodeIgniter\Session\Handlers\FileHandler' driver.
DEBUG - 2025-12-02 04:57:04 --> Session: Class initialized using 'CodeIgniter\Session\Handlers\FileHandler' driver.
WARNING - 2025-12-02 04:57:04 --> [DEPRECATED] Creation of dynamic property CodeIgniter\View\View::$common is deprecated in APPPATH\Views\sidebar.php on line 6.
 1 SYSTEMPATH\View\View.php(226): include('C:\\xampp\\htdocs\\finapp\\app\\Views\\sidebar.php')
 2 SYSTEMPATH\View\View.php(229): CodeIgniter\View\View->CodeIgniter\View\{closure}()
 3 SYSTEMPATH\Common.php(1167): CodeIgniter\View\View->render('sidebar', [], true)
 4 APPPATH\Views\user\list.php(55): view('sidebar')
 5 SYSTEMPATH\View\View.php(226): include('C:\\xampp\\htdocs\\finapp\\app\\Views\\user\\list.php')
 6 SYSTEMPATH\View\View.php(229): CodeIgniter\View\View->CodeIgniter\View\{closure}()
 7 SYSTEMPATH\Common.php(1167): CodeIgniter\View\View->render('user/list', [], true)
 8 APPPATH\Controllers\UserController.php(20): view('user/list')
 9 SYSTEMPATH\CodeIgniter.php(933): App\Controllers\UserController->user_list()
10 SYSTEMPATH\CodeIgniter.php(507): CodeIgniter\CodeIgniter->runController(Object(App\Controllers\UserController))
11 SYSTEMPATH\CodeIgniter.php(354): CodeIgniter\CodeIgniter->handleRequest(null, Object(Config\Cache), false)
12 SYSTEMPATH\Boot.php(363): CodeIgniter\CodeIgniter->run()
13 SYSTEMPATH\Boot.php(68): CodeIgniter\Boot::runCodeIgniter(Object(CodeIgniter\CodeIgniter))
14 FCPATH\index.php(59): CodeIgniter\Boot::bootWeb(Object(Config\Paths))
DEBUG - 2025-12-02 04:57:05 --> Session: Class initialized using 'CodeIgniter\Session\Handlers\FileHandler' driver.
DEBUG - 2025-12-02 04:57:05 --> Session: Class initialized using 'CodeIgniter\Session\Handlers\FileHandler' driver.
WARNING - 2025-12-02 04:57:05 --> [DEPRECATED] Creation of dynamic property CodeIgniter\View\View::$common is deprecated in APPPATH\Views\sidebar.php on line 6.
 1 SYSTEMPATH\View\View.php(226): include('C:\\xampp\\htdocs\\finapp\\app\\Views\\sidebar.php')
 2 SYSTEMPATH\View\View.php(229): CodeIgniter\View\View->CodeIgniter\View\{closure}()
 3 SYSTEMPATH\Common.php(1167): CodeIgniter\View\View->render('sidebar', [], true)
 4 APPPATH\Views\user\list.php(55): view('sidebar')
 5 SYSTEMPATH\View\View.php(226): include('C:\\xampp\\htdocs\\finapp\\app\\Views\\user\\list.php')
 6 SYSTEMPATH\View\View.php(229): CodeIgniter\View\View->CodeIgniter\View\{closure}()
 7 SYSTEMPATH\Common.php(1167): CodeIgniter\View\View->render('user/list', [], true)
 8 APPPATH\Controllers\UserController.php(20): view('user/list')
 9 SYSTEMPATH\CodeIgniter.php(933): App\Controllers\UserController->user_list()
10 SYSTEMPATH\CodeIgniter.php(507): CodeIgniter\CodeIgniter->runController(Object(App\Controllers\UserController))
11 SYSTEMPATH\CodeIgniter.php(354): CodeIgniter\CodeIgniter->handleRequest(null, Object(Config\Cache), false)
12 SYSTEMPATH\Boot.php(363): CodeIgniter\CodeIgniter->run()
13 SYSTEMPATH\Boot.php(68): CodeIgniter\Boot::runCodeIgniter(Object(CodeIgniter\CodeIgniter))
14 FCPATH\index.php(59): CodeIgniter\Boot::bootWeb(Object(Config\Paths))
DEBUG - 2025-12-02 04:57:09 --> Session: Class initialized using 'CodeIgniter\Session\Handlers\FileHandler' driver.
DEBUG - 2025-12-02 04:57:12 --> Session: Class initialized using 'CodeIgniter\Session\Handlers\FileHandler' driver.
DEBUG - 2025-12-02 04:59:18 --> Session: Class initialized using 'CodeIgniter\Session\Handlers\FileHandler' driver.
WARNING - 2025-12-02 04:59:18 --> [DEPRECATED] Creation of dynamic property CodeIgniter\View\View::$common is deprecated in APPPATH\Views\sidebar.php on line 6.
 1 SYSTEMPATH\View\View.php(226): include('C:\\xampp\\htdocs\\finapp\\app\\Views\\sidebar.php')
 2 SYSTEMPATH\View\View.php(229): CodeIgniter\View\View->CodeIgniter\View\{closure}()
 3 SYSTEMPATH\Common.php(1167): CodeIgniter\View\View->render('sidebar', [], true)
 4 APPPATH\Views\user\list.php(55): view('sidebar')
 5 SYSTEMPATH\View\View.php(226): include('C:\\xampp\\htdocs\\finapp\\app\\Views\\user\\list.php')
 6 SYSTEMPATH\View\View.php(229): CodeIgniter\View\View->CodeIgniter\View\{closure}()
 7 SYSTEMPATH\Common.php(1167): CodeIgniter\View\View->render('user/list', [], true)
 8 APPPATH\Controllers\UserController.php(20): view('user/list')
 9 SYSTEMPATH\CodeIgniter.php(933): App\Controllers\UserController->user_list()
10 SYSTEMPATH\CodeIgniter.php(507): CodeIgniter\CodeIgniter->runController(Object(App\Controllers\UserController))
11 SYSTEMPATH\CodeIgniter.php(354): CodeIgniter\CodeIgniter->handleRequest(null, Object(Config\Cache), false)
12 SYSTEMPATH\Boot.php(363): CodeIgniter\CodeIgniter->run()
13 SYSTEMPATH\Boot.php(68): CodeIgniter\Boot::runCodeIgniter(Object(CodeIgniter\CodeIgniter))
14 FCPATH\index.php(59): CodeIgniter\Boot::bootWeb(Object(Config\Paths))
DEBUG - 2025-12-02 04:59:18 --> Session: Class initialized using 'CodeIgniter\Session\Handlers\FileHandler' driver.
DEBUG - 2025-12-02 04:59:18 --> Session: Class initialized using 'CodeIgniter\Session\Handlers\FileHandler' driver.
WARNING - 2025-12-02 04:59:18 --> [DEPRECATED] Creation of dynamic property CodeIgniter\View\View::$common is deprecated in APPPATH\Views\sidebar.php on line 6.
 1 SYSTEMPATH\View\View.php(226): include('C:\\xampp\\htdocs\\finapp\\app\\Views\\sidebar.php')
 2 SYSTEMPATH\View\View.php(229): CodeIgniter\View\View->CodeIgniter\View\{closure}()
 3 SYSTEMPATH\Common.php(1167): CodeIgniter\View\View->render('sidebar', [], true)
 4 APPPATH\Views\user\list.php(55): view('sidebar')
 5 SYSTEMPATH\View\View.php(226): include('C:\\xampp\\htdocs\\finapp\\app\\Views\\user\\list.php')
 6 SYSTEMPATH\View\View.php(229): CodeIgniter\View\View->CodeIgniter\View\{closure}()
 7 SYSTEMPATH\Common.php(1167): CodeIgniter\View\View->render('user/list', [], true)
 8 APPPATH\Controllers\UserController.php(20): view('user/list')
 9 SYSTEMPATH\CodeIgniter.php(933): App\Controllers\UserController->user_list()
10 SYSTEMPATH\CodeIgniter.php(507): CodeIgniter\CodeIgniter->runController(Object(App\Controllers\UserController))
11 SYSTEMPATH\CodeIgniter.php(354): CodeIgniter\CodeIgniter->handleRequest(null, Object(Config\Cache), false)
12 SYSTEMPATH\Boot.php(363): CodeIgniter\CodeIgniter->run()
13 SYSTEMPATH\Boot.php(68): CodeIgniter\Boot::runCodeIgniter(Object(CodeIgniter\CodeIgniter))
14 FCPATH\index.php(59): CodeIgniter\Boot::bootWeb(Object(Config\Paths))
DEBUG - 2025-12-02 04:59:20 --> Session: Class initialized using 'CodeIgniter\Session\Handlers\FileHandler' driver.
DEBUG - 2025-12-02 04:59:23 --> Session: Class initialized using 'CodeIgniter\Session\Handlers\FileHandler' driver.
DEBUG - 2025-12-02 04:59:23 --> Session: Class initialized using 'CodeIgniter\Session\Handlers\FileHandler' driver.
DEBUG - 2025-12-02 04:59:42 --> Session: Class initialized using 'CodeIgniter\Session\Handlers\FileHandler' driver.
DEBUG - 2025-12-02 04:59:42 --> Session: Class initialized using 'CodeIgniter\Session\Handlers\FileHandler' driver.
WARNING - 2025-12-02 04:59:42 --> [DEPRECATED] Creation of dynamic property CodeIgniter\View\View::$common is deprecated in APPPATH\Views\sidebar.php on line 6.
 1 SYSTEMPATH\View\View.php(226): include('C:\\xampp\\htdocs\\finapp\\app\\Views\\sidebar.php')
 2 SYSTEMPATH\View\View.php(229): CodeIgniter\View\View->CodeIgniter\View\{closure}()
 3 SYSTEMPATH\Common.php(1167): CodeIgniter\View\View->render('sidebar', [], true)
 4 APPPATH\Views\user\list.php(55): view('sidebar')
 5 SYSTEMPATH\View\View.php(226): include('C:\\xampp\\htdocs\\finapp\\app\\Views\\user\\list.php')
 6 SYSTEMPATH\View\View.php(229): CodeIgniter\View\View->CodeIgniter\View\{closure}()
 7 SYSTEMPATH\Common.php(1167): CodeIgniter\View\View->render('user/list', [], true)
 8 APPPATH\Controllers\UserController.php(20): view('user/list')
 9 SYSTEMPATH\CodeIgniter.php(933): App\Controllers\UserController->user_list()
10 SYSTEMPATH\CodeIgniter.php(507): CodeIgniter\CodeIgniter->runController(Object(App\Controllers\UserController))
11 SYSTEMPATH\CodeIgniter.php(354): CodeIgniter\CodeIgniter->handleRequest(null, Object(Config\Cache), false)
12 SYSTEMPATH\Boot.php(363): CodeIgniter\CodeIgniter->run()
13 SYSTEMPATH\Boot.php(68): CodeIgniter\Boot::runCodeIgniter(Object(CodeIgniter\CodeIgniter))
14 FCPATH\index.php(59): CodeIgniter\Boot::bootWeb(Object(Config\Paths))
DEBUG - 2025-12-02 04:59:42 --> Session: Class initialized using 'CodeIgniter\Session\Handlers\FileHandler' driver.
WARNING - 2025-12-02 04:59:42 --> [DEPRECATED] Creation of dynamic property CodeIgniter\View\View::$common is deprecated in APPPATH\Views\sidebar.php on line 6.
 1 SYSTEMPATH\View\View.php(226): include('C:\\xampp\\htdocs\\finapp\\app\\Views\\sidebar.php')
 2 SYSTEMPATH\View\View.php(229): CodeIgniter\View\View->CodeIgniter\View\{closure}()
 3 SYSTEMPATH\Common.php(1167): CodeIgniter\View\View->render('sidebar', [], true)
 4 APPPATH\Views\user\list.php(55): view('sidebar')
 5 SYSTEMPATH\View\View.php(226): include('C:\\xampp\\htdocs\\finapp\\app\\Views\\user\\list.php')
 6 SYSTEMPATH\View\View.php(229): CodeIgniter\View\View->CodeIgniter\View\{closure}()
 7 SYSTEMPATH\Common.php(1167): CodeIgniter\View\View->render('user/list', [], true)
 8 APPPATH\Controllers\UserController.php(20): view('user/list')
 9 SYSTEMPATH\CodeIgniter.php(933): App\Controllers\UserController->user_list()
10 SYSTEMPATH\CodeIgniter.php(507): CodeIgniter\CodeIgniter->runController(Object(App\Controllers\UserController))
11 SYSTEMPATH\CodeIgniter.php(354): CodeIgniter\CodeIgniter->handleRequest(null, Object(Config\Cache), false)
12 SYSTEMPATH\Boot.php(363): CodeIgniter\CodeIgniter->run()
13 SYSTEMPATH\Boot.php(68): CodeIgniter\Boot::runCodeIgniter(Object(CodeIgniter\CodeIgniter))
14 FCPATH\index.php(59): CodeIgniter\Boot::bootWeb(Object(Config\Paths))
DEBUG - 2025-12-02 04:59:43 --> Session: Class initialized using 'CodeIgniter\Session\Handlers\FileHandler' driver.
DEBUG - 2025-12-02 04:59:47 --> Session: Class initialized using 'CodeIgniter\Session\Handlers\FileHandler' driver.
DEBUG - 2025-12-02 04:59:49 --> Session: Class initialized using 'CodeIgniter\Session\Handlers\FileHandler' driver.
DEBUG - 2025-12-02 05:01:29 --> Session: Class initialized using 'CodeIgniter\Session\Handlers\FileHandler' driver.
WARNING - 2025-12-02 05:01:29 --> [DEPRECATED] Creation of dynamic property CodeIgniter\View\View::$common is deprecated in APPPATH\Views\sidebar.php on line 6.
 1 SYSTEMPATH\View\View.php(226): include('C:\\xampp\\htdocs\\finapp\\app\\Views\\sidebar.php')
 2 SYSTEMPATH\View\View.php(229): CodeIgniter\View\View->CodeIgniter\View\{closure}()
 3 SYSTEMPATH\Common.php(1167): CodeIgniter\View\View->render('sidebar', [], true)
 4 APPPATH\Views\user\list.php(55): view('sidebar')
 5 SYSTEMPATH\View\View.php(226): include('C:\\xampp\\htdocs\\finapp\\app\\Views\\user\\list.php')
 6 SYSTEMPATH\View\View.php(229): CodeIgniter\View\View->CodeIgniter\View\{closure}()
 7 SYSTEMPATH\Common.php(1167): CodeIgniter\View\View->render('user/list', [], true)
 8 APPPATH\Controllers\UserController.php(20): view('user/list')
 9 SYSTEMPATH\CodeIgniter.php(933): App\Controllers\UserController->user_list()
10 SYSTEMPATH\CodeIgniter.php(507): CodeIgniter\CodeIgniter->runController(Object(App\Controllers\UserController))
11 SYSTEMPATH\CodeIgniter.php(354): CodeIgniter\CodeIgniter->handleRequest(null, Object(Config\Cache), false)
12 SYSTEMPATH\Boot.php(363): CodeIgniter\CodeIgniter->run()
13 SYSTEMPATH\Boot.php(68): CodeIgniter\Boot::runCodeIgniter(Object(CodeIgniter\CodeIgniter))
14 FCPATH\index.php(59): CodeIgniter\Boot::bootWeb(Object(Config\Paths))
DEBUG - 2025-12-02 05:01:30 --> Session: Class initialized using 'CodeIgniter\Session\Handlers\FileHandler' driver.
DEBUG - 2025-12-02 05:01:30 --> Session: Class initialized using 'CodeIgniter\Session\Handlers\FileHandler' driver.
WARNING - 2025-12-02 05:01:30 --> [DEPRECATED] Creation of dynamic property CodeIgniter\View\View::$common is deprecated in APPPATH\Views\sidebar.php on line 6.
 1 SYSTEMPATH\View\View.php(226): include('C:\\xampp\\htdocs\\finapp\\app\\Views\\sidebar.php')
 2 SYSTEMPATH\View\View.php(229): CodeIgniter\View\View->CodeIgniter\View\{closure}()
 3 SYSTEMPATH\Common.php(1167): CodeIgniter\View\View->render('sidebar', [], true)
 4 APPPATH\Views\user\list.php(55): view('sidebar')
 5 SYSTEMPATH\View\View.php(226): include('C:\\xampp\\htdocs\\finapp\\app\\Views\\user\\list.php')
 6 SYSTEMPATH\View\View.php(229): CodeIgniter\View\View->CodeIgniter\View\{closure}()
 7 SYSTEMPATH\Common.php(1167): CodeIgniter\View\View->render('user/list', [], true)
 8 APPPATH\Controllers\UserController.php(20): view('user/list')
 9 SYSTEMPATH\CodeIgniter.php(933): App\Controllers\UserController->user_list()
10 SYSTEMPATH\CodeIgniter.php(507): CodeIgniter\CodeIgniter->runController(Object(App\Controllers\UserController))
11 SYSTEMPATH\CodeIgniter.php(354): CodeIgniter\CodeIgniter->handleRequest(null, Object(Config\Cache), false)
12 SYSTEMPATH\Boot.php(363): CodeIgniter\CodeIgniter->run()
13 SYSTEMPATH\Boot.php(68): CodeIgniter\Boot::runCodeIgniter(Object(CodeIgniter\CodeIgniter))
14 FCPATH\index.php(59): CodeIgniter\Boot::bootWeb(Object(Config\Paths))
DEBUG - 2025-12-02 05:01:43 --> Session: Class initialized using 'CodeIgniter\Session\Handlers\FileHandler' driver.
WARNING - 2025-12-02 05:01:43 --> [DEPRECATED] Creation of dynamic property CodeIgniter\View\View::$common is deprecated in APPPATH\Views\sidebar.php on line 6.
 1 SYSTEMPATH\View\View.php(226): include('C:\\xampp\\htdocs\\finapp\\app\\Views\\sidebar.php')
 2 SYSTEMPATH\View\View.php(229): CodeIgniter\View\View->CodeIgniter\View\{closure}()
 3 SYSTEMPATH\Common.php(1167): CodeIgniter\View\View->render('sidebar', [], true)
 4 APPPATH\Views\user\list.php(55): view('sidebar')
 5 SYSTEMPATH\View\View.php(226): include('C:\\xampp\\htdocs\\finapp\\app\\Views\\user\\list.php')
 6 SYSTEMPATH\View\View.php(229): CodeIgniter\View\View->CodeIgniter\View\{closure}()
 7 SYSTEMPATH\Common.php(1167): CodeIgniter\View\View->render('user/list', [], true)
 8 APPPATH\Controllers\UserController.php(20): view('user/list')
 9 SYSTEMPATH\CodeIgniter.php(933): App\Controllers\UserController->user_list()
10 SYSTEMPATH\CodeIgniter.php(507): CodeIgniter\CodeIgniter->runController(Object(App\Controllers\UserController))
11 SYSTEMPATH\CodeIgniter.php(354): CodeIgniter\CodeIgniter->handleRequest(null, Object(Config\Cache), false)
12 SYSTEMPATH\Boot.php(363): CodeIgniter\CodeIgniter->run()
13 SYSTEMPATH\Boot.php(68): CodeIgniter\Boot::runCodeIgniter(Object(CodeIgniter\CodeIgniter))
14 FCPATH\index.php(59): CodeIgniter\Boot::bootWeb(Object(Config\Paths))
DEBUG - 2025-12-02 05:01:43 --> Session: Class initialized using 'CodeIgniter\Session\Handlers\FileHandler' driver.
WARNING - 2025-12-02 05:01:43 --> [DEPRECATED] Creation of dynamic property CodeIgniter\View\View::$common is deprecated in APPPATH\Views\sidebar.php on line 6.
 1 SYSTEMPATH\View\View.php(226): include('C:\\xampp\\htdocs\\finapp\\app\\Views\\sidebar.php')
 2 SYSTEMPATH\View\View.php(229): CodeIgniter\View\View->CodeIgniter\View\{closure}()
 3 SYSTEMPATH\Common.php(1167): CodeIgniter\View\View->render('sidebar', [], true)
 4 APPPATH\Views\user\list.php(55): view('sidebar')
 5 SYSTEMPATH\View\View.php(226): include('C:\\xampp\\htdocs\\finapp\\app\\Views\\user\\list.php')
 6 SYSTEMPATH\View\View.php(229): CodeIgniter\View\View->CodeIgniter\View\{closure}()
 7 SYSTEMPATH\Common.php(1167): CodeIgniter\View\View->render('user/list', [], true)
 8 APPPATH\Controllers\UserController.php(20): view('user/list')
 9 SYSTEMPATH\CodeIgniter.php(933): App\Controllers\UserController->user_list()
10 SYSTEMPATH\CodeIgniter.php(507): CodeIgniter\CodeIgniter->runController(Object(App\Controllers\UserController))
11 SYSTEMPATH\CodeIgniter.php(354): CodeIgniter\CodeIgniter->handleRequest(null, Object(Config\Cache), false)
12 SYSTEMPATH\Boot.php(363): CodeIgniter\CodeIgniter->run()
13 SYSTEMPATH\Boot.php(68): CodeIgniter\Boot::runCodeIgniter(Object(CodeIgniter\CodeIgniter))
14 FCPATH\index.php(59): CodeIgniter\Boot::bootWeb(Object(Config\Paths))
DEBUG - 2025-12-02 05:01:43 --> Session: Class initialized using 'CodeIgniter\Session\Handlers\FileHandler' driver.
DEBUG - 2025-12-02 05:01:45 --> Session: Class initialized using 'CodeIgniter\Session\Handlers\FileHandler' driver.
DEBUG - 2025-12-02 05:01:59 --> Session: Class initialized using 'CodeIgniter\Session\Handlers\FileHandler' driver.
DEBUG - 2025-12-02 05:02:00 --> Session: Class initialized using 'CodeIgniter\Session\Handlers\FileHandler' driver.
DEBUG - 2025-12-02 05:02:07 --> Session: Class initialized using 'CodeIgniter\Session\Handlers\FileHandler' driver.
DEBUG - 2025-12-02 05:02:07 --> Session: Class initialized using 'CodeIgniter\Session\Handlers\FileHandler' driver.
WARNING - 2025-12-02 05:02:07 --> [DEPRECATED] Creation of dynamic property CodeIgniter\View\View::$common is deprecated in APPPATH\Views\sidebar.php on line 6.
 1 SYSTEMPATH\View\View.php(226): include('C:\\xampp\\htdocs\\finapp\\app\\Views\\sidebar.php')
 2 SYSTEMPATH\View\View.php(229): CodeIgniter\View\View->CodeIgniter\View\{closure}()
 3 SYSTEMPATH\Common.php(1167): CodeIgniter\View\View->render('sidebar', [], true)
 4 APPPATH\Views\user\list.php(55): view('sidebar')
 5 SYSTEMPATH\View\View.php(226): include('C:\\xampp\\htdocs\\finapp\\app\\Views\\user\\list.php')
 6 SYSTEMPATH\View\View.php(229): CodeIgniter\View\View->CodeIgniter\View\{closure}()
 7 SYSTEMPATH\Common.php(1167): CodeIgniter\View\View->render('user/list', [], true)
 8 APPPATH\Controllers\UserController.php(20): view('user/list')
 9 SYSTEMPATH\CodeIgniter.php(933): App\Controllers\UserController->user_list()
10 SYSTEMPATH\CodeIgniter.php(507): CodeIgniter\CodeIgniter->runController(Object(App\Controllers\UserController))
11 SYSTEMPATH\CodeIgniter.php(354): CodeIgniter\CodeIgniter->handleRequest(null, Object(Config\Cache), false)
12 SYSTEMPATH\Boot.php(363): CodeIgniter\CodeIgniter->run()
13 SYSTEMPATH\Boot.php(68): CodeIgniter\Boot::runCodeIgniter(Object(CodeIgniter\CodeIgniter))
14 FCPATH\index.php(59): CodeIgniter\Boot::bootWeb(Object(Config\Paths))
DEBUG - 2025-12-02 05:02:08 --> Session: Class initialized using 'CodeIgniter\Session\Handlers\FileHandler' driver.
DEBUG - 2025-12-02 05:02:08 --> Session: Class initialized using 'CodeIgniter\Session\Handlers\FileHandler' driver.
WARNING - 2025-12-02 05:02:08 --> [DEPRECATED] Creation of dynamic property CodeIgniter\View\View::$common is deprecated in APPPATH\Views\sidebar.php on line 6.
 1 SYSTEMPATH\View\View.php(226): include('C:\\xampp\\htdocs\\finapp\\app\\Views\\sidebar.php')
 2 SYSTEMPATH\View\View.php(229): CodeIgniter\View\View->CodeIgniter\View\{closure}()
 3 SYSTEMPATH\Common.php(1167): CodeIgniter\View\View->render('sidebar', [], true)
 4 APPPATH\Views\user\list.php(55): view('sidebar')
 5 SYSTEMPATH\View\View.php(226): include('C:\\xampp\\htdocs\\finapp\\app\\Views\\user\\list.php')
 6 SYSTEMPATH\View\View.php(229): CodeIgniter\View\View->CodeIgniter\View\{closure}()
 7 SYSTEMPATH\Common.php(1167): CodeIgniter\View\View->render('user/list', [], true)
 8 APPPATH\Controllers\UserController.php(20): view('user/list')
 9 SYSTEMPATH\CodeIgniter.php(933): App\Controllers\UserController->user_list()
10 SYSTEMPATH\CodeIgniter.php(507): CodeIgniter\CodeIgniter->runController(Object(App\Controllers\UserController))
11 SYSTEMPATH\CodeIgniter.php(354): CodeIgniter\CodeIgniter->handleRequest(null, Object(Config\Cache), false)
12 SYSTEMPATH\Boot.php(363): CodeIgniter\CodeIgniter->run()
13 SYSTEMPATH\Boot.php(68): CodeIgniter\Boot::runCodeIgniter(Object(CodeIgniter\CodeIgniter))
14 FCPATH\index.php(59): CodeIgniter\Boot::bootWeb(Object(Config\Paths))
DEBUG - 2025-12-02 05:02:11 --> Session: Class initialized using 'CodeIgniter\Session\Handlers\FileHandler' driver.
WARNING - 2025-12-02 05:02:11 --> [DEPRECATED] Creation of dynamic property CodeIgniter\View\View::$common is deprecated in APPPATH\Views\sidebar.php on line 6.
 1 SYSTEMPATH\View\View.php(226): include('C:\\xampp\\htdocs\\finapp\\app\\Views\\sidebar.php')
 2 SYSTEMPATH\View\View.php(229): CodeIgniter\View\View->CodeIgniter\View\{closure}()
 3 SYSTEMPATH\Common.php(1167): CodeIgniter\View\View->render('sidebar', [], true)
 4 APPPATH\Views\user\edit.php(86): view('sidebar')
 5 SYSTEMPATH\View\View.php(226): include('C:\\xampp\\htdocs\\finapp\\app\\Views\\user\\edit.php')
 6 SYSTEMPATH\View\View.php(229): CodeIgniter\View\View->CodeIgniter\View\{closure}()
 7 SYSTEMPATH\Common.php(1167): CodeIgniter\View\View->render('user/edit', [], true)
 8 APPPATH\Controllers\UserController.php(67): view('user/edit', [...])
 9 SYSTEMPATH\CodeIgniter.php(933): App\Controllers\UserController->edit('9')
10 SYSTEMPATH\CodeIgniter.php(507): CodeIgniter\CodeIgniter->runController(Object(App\Controllers\UserController))
11 SYSTEMPATH\CodeIgniter.php(354): CodeIgniter\CodeIgniter->handleRequest(null, Object(Config\Cache), false)
12 SYSTEMPATH\Boot.php(363): CodeIgniter\CodeIgniter->run()
13 SYSTEMPATH\Boot.php(68): CodeIgniter\Boot::runCodeIgniter(Object(CodeIgniter\CodeIgniter))
14 FCPATH\index.php(59): CodeIgniter\Boot::bootWeb(Object(Config\Paths))
DEBUG - 2025-12-02 05:02:16 --> Session: Class initialized using 'CodeIgniter\Session\Handlers\FileHandler' driver.
DEBUG - 2025-12-02 05:02:16 --> Session: Class initialized using 'CodeIgniter\Session\Handlers\FileHandler' driver.
WARNING - 2025-12-02 05:02:16 --> [DEPRECATED] Creation of dynamic property CodeIgniter\View\View::$common is deprecated in APPPATH\Views\sidebar.php on line 6.
 1 SYSTEMPATH\View\View.php(226): include('C:\\xampp\\htdocs\\finapp\\app\\Views\\sidebar.php')
 2 SYSTEMPATH\View\View.php(229): CodeIgniter\View\View->CodeIgniter\View\{closure}()
 3 SYSTEMPATH\Common.php(1167): CodeIgniter\View\View->render('sidebar', [], true)
 4 APPPATH\Views\user\list.php(55): view('sidebar')
 5 SYSTEMPATH\View\View.php(226): include('C:\\xampp\\htdocs\\finapp\\app\\Views\\user\\list.php')
 6 SYSTEMPATH\View\View.php(229): CodeIgniter\View\View->CodeIgniter\View\{closure}()
 7 SYSTEMPATH\Common.php(1167): CodeIgniter\View\View->render('user/list', [], true)
 8 APPPATH\Controllers\UserController.php(20): view('user/list')
 9 SYSTEMPATH\CodeIgniter.php(933): App\Controllers\UserController->user_list()
10 SYSTEMPATH\CodeIgniter.php(507): CodeIgniter\CodeIgniter->runController(Object(App\Controllers\UserController))
11 SYSTEMPATH\CodeIgniter.php(354): CodeIgniter\CodeIgniter->handleRequest(null, Object(Config\Cache), false)
12 SYSTEMPATH\Boot.php(363): CodeIgniter\CodeIgniter->run()
13 SYSTEMPATH\Boot.php(68): CodeIgniter\Boot::runCodeIgniter(Object(CodeIgniter\CodeIgniter))
14 FCPATH\index.php(59): CodeIgniter\Boot::bootWeb(Object(Config\Paths))
DEBUG - 2025-12-02 05:02:16 --> Session: Class initialized using 'CodeIgniter\Session\Handlers\FileHandler' driver.
DEBUG - 2025-12-02 05:02:16 --> Session: Class initialized using 'CodeIgniter\Session\Handlers\FileHandler' driver.
WARNING - 2025-12-02 05:02:16 --> [DEPRECATED] Creation of dynamic property CodeIgniter\View\View::$common is deprecated in APPPATH\Views\sidebar.php on line 6.
 1 SYSTEMPATH\View\View.php(226): include('C:\\xampp\\htdocs\\finapp\\app\\Views\\sidebar.php')
 2 SYSTEMPATH\View\View.php(229): CodeIgniter\View\View->CodeIgniter\View\{closure}()
 3 SYSTEMPATH\Common.php(1167): CodeIgniter\View\View->render('sidebar', [], true)
 4 APPPATH\Views\user\list.php(55): view('sidebar')
 5 SYSTEMPATH\View\View.php(226): include('C:\\xampp\\htdocs\\finapp\\app\\Views\\user\\list.php')
 6 SYSTEMPATH\View\View.php(229): CodeIgniter\View\View->CodeIgniter\View\{closure}()
 7 SYSTEMPATH\Common.php(1167): CodeIgniter\View\View->render('user/list', [], true)
 8 APPPATH\Controllers\UserController.php(20): view('user/list')
 9 SYSTEMPATH\CodeIgniter.php(933): App\Controllers\UserController->user_list()
10 SYSTEMPATH\CodeIgniter.php(507): CodeIgniter\CodeIgniter->runController(Object(App\Controllers\UserController))
11 SYSTEMPATH\CodeIgniter.php(354): CodeIgniter\CodeIgniter->handleRequest(null, Object(Config\Cache), false)
12 SYSTEMPATH\Boot.php(363): CodeIgniter\CodeIgniter->run()
13 SYSTEMPATH\Boot.php(68): CodeIgniter\Boot::runCodeIgniter(Object(CodeIgniter\CodeIgniter))
14 FCPATH\index.php(59): CodeIgniter\Boot::bootWeb(Object(Config\Paths))
DEBUG - 2025-12-02 05:02:22 --> Session: Class initialized using 'CodeIgniter\Session\Handlers\FileHandler' driver.
DEBUG - 2025-12-02 05:02:31 --> Session: Class initialized using 'CodeIgniter\Session\Handlers\FileHandler' driver.
